#
# A fatal error has been detected by the Java Runtime Environment:
#
#  SIGSEGV (0xb) at pc=0x000000011f1e1271, pid=78903, tid=22275
#
# JRE version: Java(TM) SE Runtime Environment (7.0_79-b15) (build 1.7.0_79-b15)
# Java VM: Java HotSpot(TM) 64-Bit Server VM (24.79-b02 mixed mode bsd-amd64 compressed oops)
# Problematic frame:
# C  [libMeCab.dylib+0x1271]  Java_org_chasen_mecab_MeCabJNI_Node_1surface_1get+0x11
#
# Failed to write core dump. Core dumps have been disabled. To enable core dumping, try "ulimit -c unlimited" before starting Java again
#
# If you would like to submit a bug report, please visit:
#   http://bugreport.java.com/bugreport/crash.jsp
# The crash happened outside the Java Virtual Machine in native code.
# See problematic frame for where to report the bug.
#

---------------  T H R E A D  ---------------

Current thread (0x00007fadb8d98000):  JavaThread "run-main-0" [_thread_in_native, id=22275, stack(0x0000700001481000,0x0000700001581000)]

siginfo:si_signo=SIGSEGV: si_errno=0, si_code=0 (SEGV0), si_addr=0x0000000000000000

Registers:
RAX=0x00000007eadfebf8, RBX=0x000000008a5e540d, RCX=0x000070000157da68, RDX=0xe00007fadba29f80
RSP=0x000070000157da30, RBP=0x000070000157da50, RSI=0x000070000157da90, RDI=0x00007fadb8d981e8
R8 =0x00000007c1316fb0, R9 =0x00000007c131b3b0, R10=0x00000001117b6f95, R11=0x00000007c131b3e0
R12=0xe00007fadba29f80, R13=0x0000000000000007, R14=0x000070000157da90, R15=0x00007fadb8d981e8
RIP=0x000000011f1e1271, EFLAGS=0x0000000000010246, ERR=0x0000000000000000
  TRAPNO=0x000000000000000d

Top of Stack: (sp=0x000070000157da30)
0x000070000157da30:   000000008a5e540d 0000000000000000
0x000070000157da40:   000070000157da90 00007fadb8d98000
0x000070000157da50:   000070000157daa0 00000001117b7007
0x000070000157da60:   00000007eadfeb60 00000007eadfebf8
0x000070000157da70:   00000007eadfeb00 00000007bff81760
0x000070000157da80:   00000007eadfe9c0 00007fad0000000e
0x000070000157da90:   00000007c3c94738 0000000111503205
0x000070000157daa0:   00000007c131b3b0 00000001118d2454
0x000070000157dab0:   00000007c138f838 00000007c131b3f0
0x000070000157dac0:   00000007ffe00058 00000007c1316fc0
0x000070000157dad0:   00000007c131b3c0 00000007c138f828
0x000070000157dae0:   00000007c131b3e0 00000007c1316fb0
0x000070000157daf0:   00000007eadfeb60 00000007eadfebf8
0x000070000157db00:   00000007c131b3e0 00000007c1316fb0
0x000070000157db10:   0000000000000000 000070000157db30
0x000070000157db20:   000070000157db90 00000001114aa233
0x000070000157db30:   00000007ffcf1b60 00000001114aa233
0x000070000157db40:   00000007c3daba50 00000007c3c89700
0x000070000157db50:   000070000157db50 00000007b368fbba
0x000070000157db60:   000070000157dba8 00000007b368ffe0
0x000070000157db70:   0000000000000000 00000007b368fc00
0x000070000157db80:   000070000157db40 000070000157dba0
0x000070000157db90:   000070000157dbf0 00000001114aa233
0x000070000157dba0:   00000007c3daba50 00000007c3c89700
0x000070000157dbb0:   000070000157dbb0 00000007b368dff4
0x000070000157dbc0:   000070000157dc08 00000007b368e4d8
0x000070000157dbd0:   0000000000000000 00000007b368e030
0x000070000157dbe0:   000070000157dba0 000070000157dc00
0x000070000157dbf0:   000070000157dc50 00000001114aa233
0x000070000157dc00:   00000007c3daba50 00000007ffe000d0
0x000070000157dc10:   000070000157dc10 00000007b368ce22
0x000070000157dc20:   000070000157dc68 00000007b368d940 

Instructions: (pc=0x000000011f1e1271)
0x000000011f1e1251:   48 89 e5 8b 42 68 5d c3 0f 1f 80 00 00 00 00 55
0x000000011f1e1261:   48 89 e5 41 57 41 56 41 54 53 49 89 d4 49 89 ff
0x000000011f1e1271:   45 0f b7 74 24 44 49 8d 7e 01 e8 c6 58 00 00 48
0x000000011f1e1281:   89 c3 49 8b 74 24 30 48 89 df 4c 89 f2 e8 e3 58 

Register to memory mapping:

RAX=0x00000007eadfebf8 is an oop
org.chasen.mecab.Node 
 - klass: 'org/chasen/mecab/Node'
RBX=0x000000008a5e540d is an unknown value
RCX=0x000070000157da68 is pointing into the stack for thread: 0x00007fadb8d98000
RDX=0xe00007fadba29f80 is an unknown value
RSP=0x000070000157da30 is pointing into the stack for thread: 0x00007fadb8d98000
RBP=0x000070000157da50 is pointing into the stack for thread: 0x00007fadb8d98000
RSI=0x000070000157da90 is pointing into the stack for thread: 0x00007fadb8d98000
RDI=0x00007fadb8d981e8 is an unknown value
R8 =0x00000007c1316fb0 is an oop
[C 
 - klass: {type array char}
 - length: 2
R9 =0x00000007c131b3b0 is an oop
[C 
 - klass: {type array char}
 - length: 2
R10=0x00000001117b6f95 is at entry_point+85 in (nmethod*)0x00000001117b6dd0
R11=0x00000007c131b3e0 is an oop
[C 
 - klass: {type array char}
 - length: 3
R12=0xe00007fadba29f80 is an unknown value
R13=0x0000000000000007 is an unknown value
R14=0x000070000157da90 is pointing into the stack for thread: 0x00007fadb8d98000
R15=0x00007fadb8d981e8 is an unknown value


Stack: [0x0000700001481000,0x0000700001581000],  sp=0x000070000157da30,  free space=1010k
Native frames: (J=compiled Java code, j=interpreted, Vv=VM code, C=native code)
C  [libMeCab.dylib+0x1271]  Java_org_chasen_mecab_MeCabJNI_Node_1surface_1get+0x11
J 1876  org.chasen.mecab.MeCabJNI.Node_surface_get(JLorg/chasen/mecab/Node;)Ljava/lang/String; (0 bytes) @ 0x00000001117b7007 [0x00000001117b6f40+0xc7]

Java frames: (J=compiled Java code, j=interpreted, Vv=VM code)
J 1876  org.chasen.mecab.MeCabJNI.Node_surface_get(JLorg/chasen/mecab/Node;)Ljava/lang/String; (0 bytes) @ 0x00000001117b6f95 [0x00000001117b6f40+0x55]
J 2156 C2 nlp.Parser$.toWordNodes(Ljava/lang/String;)Lscala/collection/Seq; (130 bytes) @ 0x00000001118d2454 [0x00000001118d2000+0x454]
j  nlp.Parser$.toMainlyEndFormWords(Ljava/lang/String;)Lscala/collection/Seq;+2
j  search.Searchable$class.getTf(Lsearch/Searchable;Ljava/lang/String;)Lscala/collection/immutable/Map;+4
j  search.Email.getTf(Ljava/lang/String;)Lscala/collection/immutable/Map;+2
j  search.Email.<init>(Ljava/lang/String;Ljava/lang/String;)V+40
j  $line22.$read$$iw$$iw$$iw$$iw$$iw$$iw$$iw$$iw$$anonfun$1.apply(Lscala/collection/Seq;)Lsearch/Email;+24
j  $line22.$read$$iw$$iw$$iw$$iw$$iw$$iw$$iw$$iw$$anonfun$1.apply(Ljava/lang/Object;)Ljava/lang/Object;+5
J 428 C2 scala.collection.TraversableLike$$anonfun$map$1.apply(Ljava/lang/Object;)Ljava/lang/Object; (6 bytes) @ 0x00000001115ac4ac [0x00000001115ac460+0x4c]
J 331 C2 scala.collection.immutable.List.foreach(Lscala/Function1;)V (32 bytes) @ 0x00000001115928ac [0x0000000111592800+0xac]
J 1116 C2 scala.collection.AbstractTraversable.map(Lscala/Function1;Lscala/collection/generic/CanBuildFrom;)Ljava/lang/Object; (7 bytes) @ 0x00000001116828a4 [0x00000001116827c0+0xe4]
j  $line22.$read$$iw$$iw$$iw$$iw$$iw$$iw$$iw$$iw$.<init>()V+37
j  $line22.$read$$iw$$iw$$iw$$iw$$iw$$iw$$iw$$iw$.<clinit>()V+3
v  ~StubRoutines::call_stub
j  $line22.$eval$.<init>()V+9
j  $line22.$eval$.<clinit>()V+3
v  ~StubRoutines::call_stub
j  $line22.$eval.$print()Ljava/lang/String;+0
v  ~StubRoutines::call_stub
j  sun.reflect.NativeMethodAccessorImpl.invoke0(Ljava/lang/reflect/Method;Ljava/lang/Object;[Ljava/lang/Object;)Ljava/lang/Object;+0
j  sun.reflect.NativeMethodAccessorImpl.invoke(Ljava/lang/Object;[Ljava/lang/Object;)Ljava/lang/Object;+87
j  sun.reflect.DelegatingMethodAccessorImpl.invoke(Ljava/lang/Object;[Ljava/lang/Object;)Ljava/lang/Object;+6
j  java.lang.reflect.Method.invoke(Ljava/lang/Object;[Ljava/lang/Object;)Ljava/lang/Object;+57
j  scala.tools.nsc.interpreter.IMain$ReadEvalPrint.call(Ljava/lang/String;Lscala/collection/Seq;)Ljava/lang/Object;+87
j  scala.tools.nsc.interpreter.IMain$Request.loadAndRun()Lscala/Tuple2;+33
j  scala.tools.nsc.interpreter.IMain.loadAndRunReq$1(Lscala/tools/nsc/interpreter/IMain$Request;)Lscala/tools/nsc/interpreter/Results$Result;+8
j  scala.tools.nsc.interpreter.IMain.interpret(Ljava/lang/String;Z)Lscala/tools/nsc/interpreter/Results$Result;+90
j  scala.tools.nsc.interpreter.IMain.interpret(Ljava/lang/String;)Lscala/tools/nsc/interpreter/Results$Result;+3
j  scala.tools.nsc.interpreter.ILoop.reallyInterpret$1(Ljava/lang/String;)Lscala/Tuple2;+5
j  scala.tools.nsc.interpreter.ILoop.interpretStartingWith(Ljava/lang/String;)Lscala/Option;+177
j  scala.tools.nsc.interpreter.ILoop.command(Ljava/lang/String;)Lscala/tools/nsc/interpreter/LoopCommands$Result;+214
j  scala.tools.nsc.interpreter.ILoop.processLine$1(Ljava/lang/String;)Z+33
j  scala.tools.nsc.interpreter.ILoop.innerLoop$1()V+5
j  scala.tools.nsc.interpreter.ILoop.loop()V+1
j  scala.tools.nsc.interpreter.ILoop$$anonfun$process$1.apply$mcZ$sp()Z+293
j  scala.tools.nsc.interpreter.ILoop$$anonfun$process$1.apply()Z+1
j  scala.tools.nsc.interpreter.ILoop$$anonfun$process$1.apply()Ljava/lang/Object;+1
j  scala.tools.nsc.util.ScalaClassLoader$.savingContextLoader(Lscala/Function0;)Ljava/lang/Object;+6
j  scala.tools.nsc.interpreter.ILoop.process(Lscala/tools/nsc/Settings;)Z+21
j  scala.tools.nsc.interpreter.ILoop.main(Lscala/tools/nsc/Settings;)V+2
j  xsbt.ConsoleInterface.run([Ljava/lang/String;Ljava/lang/String;Ljava/lang/String;Ljava/lang/String;Ljava/lang/String;Ljava/lang/ClassLoader;[Ljava/lang/String;[Ljava/lang/Object;Lxsbti/Logger;)V+152
v  ~StubRoutines::call_stub
j  sun.reflect.NativeMethodAccessorImpl.invoke0(Ljava/lang/reflect/Method;Ljava/lang/Object;[Ljava/lang/Object;)Ljava/lang/Object;+0
j  sun.reflect.NativeMethodAccessorImpl.invoke(Ljava/lang/Object;[Ljava/lang/Object;)Ljava/lang/Object;+87
j  sun.reflect.DelegatingMethodAccessorImpl.invoke(Ljava/lang/Object;[Ljava/lang/Object;)Ljava/lang/Object;+6
j  java.lang.reflect.Method.invoke(Ljava/lang/Object;[Ljava/lang/Object;)Ljava/lang/Object;+57
j  sbt.compiler.AnalyzingCompiler.call(Ljava/lang/String;Ljava/lang/String;Lsbt/Logger;Lscala/collection/Seq;Lscala/collection/Seq;)Ljava/lang/Object;+61
j  sbt.compiler.AnalyzingCompiler.console(Lscala/collection/Seq;Lscala/collection/Seq;Ljava/lang/String;Ljava/lang/String;Lsbt/Logger;Lscala/Option;Lscala/collection/Seq;)V+341
j  sbt.Console.sbt$Console$$console0$1(Lscala/collection/Seq;Lscala/collection/Seq;Ljava/lang/String;Ljava/lang/String;Lscala/Option;Lscala/collection/Seq;Lsbt/Logger;)V+15
j  sbt.Console$$anonfun$apply$2$$anonfun$apply$1.apply$mcV$sp()V+56
j  sbt.Console$$anonfun$apply$2$$anonfun$apply$1.apply()V+1
j  sbt.Console$$anonfun$apply$2$$anonfun$apply$1.apply()Ljava/lang/Object;+1
j  sbt.Logger$$anon$4.apply()Ljava/lang/Object;+4
j  sbt.TrapExit$App.run()V+4
j  java.lang.Thread.run()V+11
v  ~StubRoutines::call_stub

---------------  P R O C E S S  ---------------

Java Threads: ( => current thread )
=>0x00007fadb8d98000 JavaThread "run-main-0" [_thread_in_native, id=22275, stack(0x0000700001481000,0x0000700001581000)]
  0x00007fadb9a02000 JavaThread "pool-2-thread-4" [_thread_blocked, id=21511, stack(0x000070000127b000,0x000070000137b000)]
  0x00007fadb9228800 JavaThread "process reaper" daemon [_thread_blocked, id=19203, stack(0x0000700000f47000,0x0000700000f6f000)]
  0x00007fadb8848800 JavaThread "Service Thread" daemon [_thread_blocked, id=18179, stack(0x0000700000d41000,0x0000700000e41000)]
  0x00007fadb9801000 JavaThread "C2 CompilerThread1" daemon [_thread_blocked, id=17667, stack(0x0000700000c3e000,0x0000700000d3e000)]
  0x00007fadb9046000 JavaThread "C2 CompilerThread0" daemon [_thread_blocked, id=17155, stack(0x0000700000b3b000,0x0000700000c3b000)]
  0x00007fadb8843000 JavaThread "Signal Dispatcher" daemon [_thread_blocked, id=12815, stack(0x0000700000a38000,0x0000700000b38000)]
  0x00007fadb8836000 JavaThread "Finalizer" daemon [_thread_in_native, id=12291, stack(0x000070000082f000,0x000070000092f000)]
  0x00007fadb8835000 JavaThread "Reference Handler" daemon [_thread_blocked, id=11779, stack(0x000070000072c000,0x000070000082c000)]
  0x00007fadb880f800 JavaThread "main" [_thread_blocked, id=5891, stack(0x000070000011a000,0x000070000021a000)]

Other Threads:
  0x00007fadb9029800 VMThread [stack: 0x0000700000629000,0x0000700000729000] [id=11267]
  0x00007fadb8844000 WatcherThread [stack: 0x0000700000e44000,0x0000700000f44000] [id=18691]

VM state:not at safepoint (normal execution)

VM Mutex/Monitor currently owned by a thread: None

Heap
 PSYoungGen      total 348672K, used 7925K [0x00000007eaa80000, 0x0000000800000000, 0x0000000800000000)
  eden space 347648K, 1% used [0x00000007eaa80000,0x00000007eb142238,0x00000007ffe00000)
  from space 1024K, 98% used [0x00000007ffe00000,0x00000007ffefb370,0x00000007fff00000)
  to   space 1024K, 0% used [0x00000007fff00000,0x00000007fff00000,0x0000000800000000)
 ParOldGen       total 699392K, used 77620K [0x00000007bff80000, 0x00000007eaa80000, 0x00000007eaa80000)
  object space 699392K, 11% used [0x00000007bff80000,0x00000007c4b4d3c8,0x00000007eaa80000)
 PSPermGen       total 57344K, used 57057K [0x00000007aff80000, 0x00000007b3780000, 0x00000007bff80000)
  object space 57344K, 99% used [0x00000007aff80000,0x00000007b37384d0,0x00000007b3780000)

Card table byte_map: [0x00000001196a4000,0x0000000119925000] byte_map_base: 0x0000000115924400

Polling page: 0x00000001101f8000

Code Cache  [0x00000001114a4000, 0x00000001118e4000, 0x00000001194a4000)
 total_blobs=2345 nmethods=1952 adapters=342 free_code_cache=126792Kb largest_free_block=129774976

Compilation events (10 events):
Event: 124.579 Thread 0x00007fadb9046000 2180             scala.collection.immutable.HashMap$HashMap1::<init> (26 bytes)
Event: 124.579 Thread 0x00007fadb9801000 2181             scala.collection.immutable.HashMap$HashMap1::key (5 bytes)
Event: 124.580 Thread 0x00007fadb9801000 nmethod 2181 0x00000001118d9b10 code [0x00000001118d9c40, 0x00000001118d9cb8]
Event: 124.580 Thread 0x00007fadb9801000 2182             scala.collection.immutable.HashMap$HashMap1::value (5 bytes)
Event: 124.580 Thread 0x00007fadb9801000 nmethod 2182 0x00000001118d9910 code [0x00000001118d9a40, 0x00000001118d9ab8]
Event: 124.580 Thread 0x00007fadb9046000 nmethod 2180 0x00000001118d8310 code [0x00000001118d8440, 0x00000001118d84d8]
Event: 124.606 Thread 0x00007fadb9801000 2183             scala.collection.immutable.HashMap$HashMap1::updated0 (223 bytes)
Event: 124.617 Thread 0x00007fadb9801000 nmethod 2183 0x00000001118de350 code [0x00000001118de560, 0x00000001118df148]
Event: 124.681 Thread 0x00007fadb9046000 2184             scala.collection.immutable.HashSet$HashTrieSet::updated0 (234 bytes)
Event: 124.691 Thread 0x00007fadb9046000 nmethod 2184 0x00000001118df990 code [0x00000001118dfb40, 0x00000001118e0418]

GC Heap History (10 events):
Event: 123.295 GC heap before
{Heap before GC invocations=119 (full 0):
 PSYoungGen      total 348672K, used 347796K [0x00000007eaa80000, 0x0000000800000000, 0x0000000800000000)
  eden space 347648K, 100% used [0x00000007eaa80000,0x00000007ffe00000,0x00000007ffe00000)
  from space 1024K, 14% used [0x00000007fff00000,0x00000007fff253d0,0x0000000800000000)
  to   space 1024K, 0% used [0x00000007ffe00000,0x00000007ffe00000,0x00000007fff00000)
 ParOldGen       total 699392K, used 76525K [0x00000007bff80000, 0x00000007eaa80000, 0x00000007eaa80000)
  object space 699392K, 10% used [0x00000007bff80000,0x00000007c4a3b4a8,0x00000007eaa80000)
 PSPermGen       total 57344K, used 56985K [0x00000007aff80000, 0x00000007b3780000, 0x00000007bff80000)
  object space 57344K, 99% used [0x00000007aff80000,0x00000007b3726718,0x00000007b3780000)
Event: 123.297 GC heap after
Heap after GC invocations=119 (full 0):
 PSYoungGen      total 348672K, used 327K [0x00000007eaa80000, 0x0000000800000000, 0x0000000800000000)
  eden space 347648K, 0% used [0x00000007eaa80000,0x00000007eaa80000,0x00000007ffe00000)
  from space 1024K, 31% used [0x00000007ffe00000,0x00000007ffe51e18,0x00000007fff00000)
  to   space 1024K, 0% used [0x00000007fff00000,0x00000007fff00000,0x0000000800000000)
 ParOldGen       total 699392K, used 76525K [0x00000007bff80000, 0x00000007eaa80000, 0x00000007eaa80000)
  object space 699392K, 10% used [0x00000007bff80000,0x00000007c4a3b4a8,0x00000007eaa80000)
 PSPermGen       total 57344K, used 56985K [0x00000007aff80000, 0x00000007b3780000, 0x00000007bff80000)
  object space 57344K, 99% used [0x00000007aff80000,0x00000007b3726718,0x00000007b3780000)
}
Event: 123.508 GC heap before
{Heap before GC invocations=120 (full 0):
 PSYoungGen      total 348672K, used 347975K [0x00000007eaa80000, 0x0000000800000000, 0x0000000800000000)
  eden space 347648K, 100% used [0x00000007eaa80000,0x00000007ffe00000,0x00000007ffe00000)
  from space 1024K, 31% used [0x00000007ffe00000,0x00000007ffe51e18,0x00000007fff00000)
  to   space 1024K, 0% used [0x00000007fff00000,0x00000007fff00000,0x0000000800000000)
 ParOldGen       total 699392K, used 76525K [0x00000007bff80000, 0x00000007eaa80000, 0x00000007eaa80000)
  object space 699392K, 10% used [0x00000007bff80000,0x00000007c4a3b4a8,0x00000007eaa80000)
 PSPermGen       total 57344K, used 56985K [0x00000007aff80000, 0x00000007b3780000, 0x00000007bff80000)
  object space 57344K, 99% used [0x00000007aff80000,0x00000007b3726718,0x00000007b3780000)
Event: 123.510 GC heap after
Heap after GC invocations=120 (full 0):
 PSYoungGen      total 348672K, used 224K [0x00000007eaa80000, 0x0000000800000000, 0x0000000800000000)
  eden space 347648K, 0% used [0x00000007eaa80000,0x00000007eaa80000,0x00000007ffe00000)
  from space 1024K, 21% used [0x00000007fff00000,0x00000007fff380f8,0x0000000800000000)
  to   space 1024K, 0% used [0x00000007ffe00000,0x00000007ffe00000,0x00000007fff00000)
 ParOldGen       total 699392K, used 76735K [0x00000007bff80000, 0x00000007eaa80000, 0x00000007eaa80000)
  object space 699392K, 10% used [0x00000007bff80000,0x00000007c4a6fd28,0x00000007eaa80000)
 PSPermGen       total 57344K, used 56985K [0x00000007aff80000, 0x00000007b3780000, 0x00000007bff80000)
  object space 57344K, 99% used [0x00000007aff80000,0x00000007b3726718,0x00000007b3780000)
}
Event: 123.727 GC heap before
{Heap before GC invocations=121 (full 0):
 PSYoungGen      total 348672K, used 347872K [0x00000007eaa80000, 0x0000000800000000, 0x0000000800000000)
  eden space 347648K, 100% used [0x00000007eaa80000,0x00000007ffe00000,0x00000007ffe00000)
  from space 1024K, 21% used [0x00000007fff00000,0x00000007fff380f8,0x0000000800000000)
  to   space 1024K, 0% used [0x00000007ffe00000,0x00000007ffe00000,0x00000007fff00000)
 ParOldGen       total 699392K, used 76735K [0x00000007bff80000, 0x00000007eaa80000, 0x00000007eaa80000)
  object space 699392K, 10% used [0x00000007bff80000,0x00000007c4a6fd28,0x00000007eaa80000)
 PSPermGen       total 57344K, used 56985K [0x00000007aff80000, 0x00000007b3780000, 0x00000007bff80000)
  object space 57344K, 99% used [0x00000007aff80000,0x00000007b3726718,0x00000007b3780000)
Event: 123.729 GC heap after
Heap after GC invocations=121 (full 0):
 PSYoungGen      total 348672K, used 398K [0x00000007eaa80000, 0x0000000800000000, 0x0000000800000000)
  eden space 347648K, 0% used [0x00000007eaa80000,0x00000007eaa80000,0x00000007ffe00000)
  from space 1024K, 38% used [0x00000007ffe00000,0x00000007ffe63b90,0x00000007fff00000)
  to   space 1024K, 0% used [0x00000007fff00000,0x00000007fff00000,0x0000000800000000)
 ParOldGen       total 699392K, used 76844K [0x00000007bff80000, 0x00000007eaa80000, 0x00000007eaa80000)
  object space 699392K, 10% used [0x00000007bff80000,0x00000007c4a8b0d8,0x00000007eaa80000)
 PSPermGen       total 57344K, used 56985K [0x00000007aff80000, 0x00000007b3780000, 0x00000007bff80000)
  object space 57344K, 99% used [0x00000007aff80000,0x00000007b3726718,0x00000007b3780000)
}
Event: 123.940 GC heap before
{Heap before GC invocations=122 (full 0):
 PSYoungGen      total 348672K, used 348046K [0x00000007eaa80000, 0x0000000800000000, 0x0000000800000000)
  eden space 347648K, 100% used [0x00000007eaa80000,0x00000007ffe00000,0x00000007ffe00000)
  from space 1024K, 38% used [0x00000007ffe00000,0x00000007ffe63b90,0x00000007fff00000)
  to   space 1024K, 0% used [0x00000007fff00000,0x00000007fff00000,0x0000000800000000)
 ParOldGen       total 699392K, used 76844K [0x00000007bff80000, 0x00000007eaa80000, 0x00000007eaa80000)
  object space 699392K, 10% used [0x00000007bff80000,0x00000007c4a8b0d8,0x00000007eaa80000)
 PSPermGen       total 57344K, used 56985K [0x00000007aff80000, 0x00000007b3780000, 0x00000007bff80000)
  object space 57344K, 99% used [0x00000007aff80000,0x00000007b3726718,0x00000007b3780000)
Event: 123.942 GC heap after
Heap after GC invocations=122 (full 0):
 PSYoungGen      total 348672K, used 299K [0x00000007eaa80000, 0x0000000800000000, 0x0000000800000000)
  eden space 347648K, 0% used [0x00000007eaa80000,0x00000007eaa80000,0x00000007ffe00000)
  from space 1024K, 29% used [0x00000007fff00000,0x00000007fff4aef0,0x0000000800000000)
  to   space 1024K, 0% used [0x00000007ffe00000,0x00000007ffe00000,0x00000007fff00000)
 ParOldGen       total 699392K, used 76844K [0x00000007bff80000, 0x00000007eaa80000, 0x00000007eaa80000)
  object space 699392K, 10% used [0x00000007bff80000,0x00000007c4a8b0d8,0x00000007eaa80000)
 PSPermGen       total 57344K, used 56985K [0x00000007aff80000, 0x00000007b3780000, 0x00000007bff80000)
  object space 57344K, 99% used [0x00000007aff80000,0x00000007b3726718,0x00000007b3780000)
}
Event: 124.723 GC heap before
{Heap before GC invocations=123 (full 0):
 PSYoungGen      total 348672K, used 347947K [0x00000007eaa80000, 0x0000000800000000, 0x0000000800000000)
  eden space 347648K, 100% used [0x00000007eaa80000,0x00000007ffe00000,0x00000007ffe00000)
  from space 1024K, 29% used [0x00000007fff00000,0x00000007fff4aef0,0x0000000800000000)
  to   space 1024K, 0% used [0x00000007ffe00000,0x00000007ffe00000,0x00000007fff00000)
 ParOldGen       total 699392K, used 76844K [0x00000007bff80000, 0x00000007eaa80000, 0x00000007eaa80000)
  object space 699392K, 10% used [0x00000007bff80000,0x00000007c4a8b0d8,0x00000007eaa80000)
 PSPermGen       total 57344K, used 57057K [0x00000007aff80000, 0x00000007b3780000, 0x00000007bff80000)
  object space 57344K, 99% used [0x00000007aff80000,0x00000007b37384d0,0x00000007b3780000)
Event: 124.726 GC heap after
Heap after GC invocations=123 (full 0):
 PSYoungGen      total 348672K, used 1004K [0x00000007eaa80000, 0x0000000800000000, 0x0000000800000000)
  eden space 347648K, 0% used [0x00000007eaa80000,0x00000007eaa80000,0x00000007ffe00000)
  from space 1024K, 98% used [0x00000007ffe00000,0x00000007ffefb370,0x00000007fff00000)
  to   space 1024K, 0% used [0x00000007fff00000,0x00000007fff00000,0x0000000800000000)
 ParOldGen       total 699392K, used 77620K [0x00000007bff80000, 0x00000007eaa80000, 0x00000007eaa80000)
  object space 699392K, 11% used [0x00000007bff80000,0x00000007c4b4d3c8,0x00000007eaa80000)
 PSPermGen       total 57344K, used 57057K [0x00000007aff80000, 0x00000007b3780000, 0x00000007bff80000)
  object space 57344K, 99% used [0x00000007aff80000,0x00000007b37384d0,0x00000007b3780000)
}

Deoptimization events (10 events):
Event: 100.279 Thread 0x00007fadb8835000 Uncommon trap: reason=unreached action=reinterpret pc=0x0000000111759be4 method=java.lang.ref.Reference$ReferenceHandler.run()V @ 74
Event: 124.134 Thread 0x00007fadb8d98000 Uncommon trap: reason=unreached action=reinterpret pc=0x00000001118d452c method=com.github.tototoshi.csv.CSVReader.parseNext$1(Lcom/github/tototoshi/csv/LineReader;Lscala/Option;)Lscala/Option; @ 10
Event: 124.485 Thread 0x00007fadb8d98000 Uncommon trap: reason=unloaded action=reinterpret pc=0x00000001115eb408 method=scala.collection.immutable.HashMap$HashMap1.updated0(Ljava/lang/Object;IILjava/lang/Object;Lscala/Tuple2;Lscala/collection/immutable/HashMap$Merger;)Lscala/collection/immutable
Event: 124.489 Thread 0x00007fadb8d98000 Uncommon trap: reason=bimorphic action=maybe_recompile pc=0x00000001115e627c method=scala.collection.immutable.HashMap$HashTrieMap.get0(Ljava/lang/Object;II)Lscala/Option; @ 80
Event: 124.491 Thread 0x00007fadb8d98000 Uncommon trap: reason=bimorphic action=maybe_recompile pc=0x00000001115e627c method=scala.collection.immutable.HashMap$HashTrieMap.get0(Ljava/lang/Object;II)Lscala/Option; @ 80
Event: 124.501 Thread 0x00007fadb8d98000 Uncommon trap: reason=bimorphic action=maybe_recompile pc=0x00000001118296a0 method=scala.collection.immutable.HashMap$HashTrieMap.foreach(Lscala/Function1;)V @ 18
Event: 124.502 Thread 0x00007fadb8d98000 Uncommon trap: reason=unloaded action=reinterpret pc=0x00000001115d27a8 method=scala.collection.immutable.HashSet$HashSet1.updated0(Ljava/lang/Object;II)Lscala/collection/immutable/HashSet; @ 116
Event: 124.503 Thread 0x00007fadb8d98000 Uncommon trap: reason=class_check action=maybe_recompile pc=0x0000000111620198 method=scala.collection.immutable.HashSet$.scala$collection$immutable$HashSet$$makeHashTrieSet(ILscala/collection/immutable/HashSet;ILscala/collection/immutable/HashSet;I)Lscal
Event: 124.504 Thread 0x00007fadb8d98000 Uncommon trap: reason=bimorphic action=maybe_recompile pc=0x0000000111530778 method=scala.collection.immutable.HashSet$HashTrieSet.foreach(Lscala/Function1;)V @ 18
Event: 124.504 Thread 0x00007fadb8d98000 Uncommon trap: reason=class_check action=maybe_recompile pc=0x0000000111620198 method=scala.collection.immutable.HashSet$.scala$collection$immutable$HashSet$$makeHashTrieSet(ILscala/collection/immutable/HashSet;ILscala/collection/immutable/HashSet;I)Lscal

Internal exceptions (10 events):
Event: 100.087 Thread 0x00007fadb8d98000 Threw 0x00000007f0266588 at /HUDSON/workspace/7u-2-build-macosx-x86_64/jdk7u79/2331/hotspot/src/share/vm/prims/jvm.cpp:1304
Event: 100.087 Thread 0x00007fadb8d98000 Threw 0x00000007f0266c78 at /HUDSON/workspace/7u-2-build-macosx-x86_64/jdk7u79/2331/hotspot/src/share/vm/prims/jvm.cpp:1304
Event: 100.087 Thread 0x00007fadb8d98000 Threw 0x00000007f0267b50 at /HUDSON/workspace/7u-2-build-macosx-x86_64/jdk7u79/2331/hotspot/src/share/vm/prims/jvm.cpp:1304
Event: 100.088 Thread 0x00007fadb8d98000 Threw 0x00000007f02699b0 at /HUDSON/workspace/7u-2-build-macosx-x86_64/jdk7u79/2331/hotspot/src/share/vm/prims/jvm.cpp:1304
Event: 100.088 Thread 0x00007fadb8d98000 Threw 0x00000007f026d2c0 at /HUDSON/workspace/7u-2-build-macosx-x86_64/jdk7u79/2331/hotspot/src/share/vm/prims/jvm.cpp:1304
Event: 124.134 Thread 0x00007fadb8d98000 Threw 0x00000007fc3e82f0 at /HUDSON/workspace/7u-2-build-macosx-x86_64/jdk7u79/2331/hotspot/src/share/vm/prims/jvm.cpp:1304
Event: 124.135 Thread 0x00007fadb8d98000 Threw 0x00000007fc3e8a48 at /HUDSON/workspace/7u-2-build-macosx-x86_64/jdk7u79/2331/hotspot/src/share/vm/prims/jvm.cpp:1304
Event: 124.135 Thread 0x00007fadb8d98000 Threw 0x00000007fc3e9a88 at /HUDSON/workspace/7u-2-build-macosx-x86_64/jdk7u79/2331/hotspot/src/share/vm/prims/jvm.cpp:1304
Event: 124.135 Thread 0x00007fadb8d98000 Threw 0x00000007fc3ebba0 at /HUDSON/workspace/7u-2-build-macosx-x86_64/jdk7u79/2331/hotspot/src/share/vm/prims/jvm.cpp:1304
Event: 124.135 Thread 0x00007fadb8d98000 Threw 0x00000007fc3ef970 at /HUDSON/workspace/7u-2-build-macosx-x86_64/jdk7u79/2331/hotspot/src/share/vm/prims/jvm.cpp:1304

Events (10 events):
Event: 124.503 Thread 0x00007fadb8d98000 DEOPT PACKING pc=0x0000000111620198 sp=0x000070000157d7c0
Event: 124.503 Thread 0x00007fadb8d98000 DEOPT UNPACKING pc=0x00000001114dd045 sp=0x000070000157d760 mode 2
Event: 124.504 Thread 0x00007fadb8d98000 Uncommon trap: trap_request=0xffffffc6 fr.pc=0x0000000111530778
Event: 124.504 Thread 0x00007fadb8d98000 DEOPT PACKING pc=0x0000000111530778 sp=0x000070000157dac0
Event: 124.504 Thread 0x00007fadb8d98000 DEOPT UNPACKING pc=0x00000001114dd045 sp=0x000070000157da88 mode 2
Event: 124.504 Thread 0x00007fadb8d98000 Uncommon trap: trap_request=0xffffffde fr.pc=0x0000000111620198
Event: 124.504 Thread 0x00007fadb8d98000 DEOPT PACKING pc=0x0000000111620198 sp=0x000070000157d710
Event: 124.504 Thread 0x00007fadb8d98000 DEOPT UNPACKING pc=0x00000001114dd045 sp=0x000070000157d6b0 mode 2
Event: 124.723 Executing VM operation: ParallelGCFailedAllocation
Event: 124.726 Executing VM operation: ParallelGCFailedAllocation done


Dynamic libraries:
0x0000000008328000 	/System/Library/Frameworks/Cocoa.framework/Versions/A/Cocoa
0x0000000008328000 	/System/Library/Frameworks/Security.framework/Versions/A/Security
0x0000000008328000 	/System/Library/Frameworks/ApplicationServices.framework/Versions/A/ApplicationServices
0x0000000008328000 	/usr/lib/libz.1.dylib
0x0000000008328000 	/usr/lib/libSystem.B.dylib
0x0000000008328000 	/usr/lib/libobjc.A.dylib
0x0000000008328000 	/System/Library/Frameworks/CoreFoundation.framework/Versions/A/CoreFoundation
0x0000000008328000 	/System/Library/Frameworks/Foundation.framework/Versions/C/Foundation
0x0000000008328000 	/System/Library/Frameworks/AppKit.framework/Versions/C/AppKit
0x0000000008328000 	/System/Library/Frameworks/CoreData.framework/Versions/A/CoreData
0x0000000008328000 	/System/Library/PrivateFrameworks/RemoteViewServices.framework/Versions/A/RemoteViewServices
0x0000000008328000 	/System/Library/PrivateFrameworks/UIFoundation.framework/Versions/A/UIFoundation
0x0000000008328000 	/usr/lib/libScreenReader.dylib
0x0000000008328000 	/System/Library/Frameworks/Accelerate.framework/Versions/A/Accelerate
0x0000000008328000 	/System/Library/Frameworks/IOSurface.framework/Versions/A/IOSurface
0x0000000008328000 	/System/Library/Frameworks/AudioToolbox.framework/Versions/A/AudioToolbox
0x0000000008328000 	/System/Library/Frameworks/AudioUnit.framework/Versions/A/AudioUnit
0x0000000008328000 	/System/Library/PrivateFrameworks/DataDetectorsCore.framework/Versions/A/DataDetectorsCore
0x0000000008328000 	/System/Library/PrivateFrameworks/DesktopServicesPriv.framework/Versions/A/DesktopServicesPriv
0x0000000008328000 	/System/Library/Frameworks/Carbon.framework/Versions/A/Frameworks/HIToolbox.framework/Versions/A/HIToolbox
0x0000000008328000 	/System/Library/Frameworks/QuartzCore.framework/Versions/A/QuartzCore
0x0000000008328000 	/System/Library/Frameworks/Carbon.framework/Versions/A/Frameworks/SpeechRecognition.framework/Versions/A/SpeechRecognition
0x0000000008328000 	/usr/lib/libauto.dylib
0x0000000008328000 	/usr/lib/libicucore.A.dylib
0x0000000008328000 	/usr/lib/libxml2.2.dylib
0x0000000008328000 	/System/Library/PrivateFrameworks/CoreUI.framework/Versions/A/CoreUI
0x0000000008328000 	/System/Library/Frameworks/CoreAudio.framework/Versions/A/CoreAudio
0x0000000008328000 	/System/Library/Frameworks/DiskArbitration.framework/Versions/A/DiskArbitration
0x0000000008328000 	/usr/lib/liblangid.dylib
0x0000000008328000 	/System/Library/PrivateFrameworks/MultitouchSupport.framework/Versions/A/MultitouchSupport
0x0000000008328000 	/System/Library/Frameworks/IOKit.framework/Versions/A/IOKit
0x0000000008328000 	/usr/lib/libDiagnosticMessagesClient.dylib
0x0000000008328000 	/System/Library/Frameworks/CoreServices.framework/Versions/A/CoreServices
0x0000000008328000 	/System/Library/PrivateFrameworks/PerformanceAnalysis.framework/Versions/A/PerformanceAnalysis
0x0000000008328000 	/System/Library/PrivateFrameworks/GenerationalStorage.framework/Versions/A/GenerationalStorage
0x0000000008328000 	/System/Library/Frameworks/OpenGL.framework/Versions/A/OpenGL
0x0000000008328000 	/System/Library/PrivateFrameworks/Sharing.framework/Versions/A/Sharing
0x0000000008328000 	/System/Library/Frameworks/CoreGraphics.framework/Versions/A/CoreGraphics
0x0000000008328000 	/System/Library/Frameworks/CoreImage.framework/Versions/A/CoreImage
0x0000000008328000 	/System/Library/Frameworks/CoreText.framework/Versions/A/CoreText
0x0000000008328000 	/System/Library/Frameworks/ImageIO.framework/Versions/A/ImageIO
0x0000000008328000 	/System/Library/PrivateFrameworks/Backup.framework/Versions/A/Backup
0x0000000008328000 	/usr/lib/libextension.dylib
0x0000000008328000 	/usr/lib/libarchive.2.dylib
0x0000000008328000 	/System/Library/Frameworks/CFNetwork.framework/Versions/A/CFNetwork
0x0000000008328000 	/System/Library/Frameworks/SystemConfiguration.framework/Versions/A/SystemConfiguration
0x0000000008328000 	/usr/lib/libCRFSuite.dylib
0x0000000008328000 	/usr/lib/libc++.1.dylib
0x0000000008328000 	/usr/lib/libc++abi.dylib
0x0000000008328000 	/usr/lib/system/libcache.dylib
0x0000000008328000 	/usr/lib/system/libcommonCrypto.dylib
0x0000000008328000 	/usr/lib/system/libcompiler_rt.dylib
0x0000000008328000 	/usr/lib/system/libcopyfile.dylib
0x0000000008328000 	/usr/lib/system/libcorecrypto.dylib
0x0000000008328000 	/usr/lib/system/libdispatch.dylib
0x0000000008328000 	/usr/lib/system/libdyld.dylib
0x0000000008328000 	/usr/lib/system/libkeymgr.dylib
0x0000000008328000 	/usr/lib/system/liblaunch.dylib
0x0000000008328000 	/usr/lib/system/libmacho.dylib
0x0000000008328000 	/usr/lib/system/libquarantine.dylib
0x0000000008328000 	/usr/lib/system/libremovefile.dylib
0x0000000008328000 	/usr/lib/system/libsystem_asl.dylib
0x0000000008328000 	/usr/lib/system/libsystem_blocks.dylib
0x0000000008328000 	/usr/lib/system/libsystem_c.dylib
0x0000000008328000 	/usr/lib/system/libsystem_configuration.dylib
0x0000000008328000 	/usr/lib/system/libsystem_coreservices.dylib
0x0000000008328000 	/usr/lib/system/libsystem_coretls.dylib
0x0000000008328000 	/usr/lib/system/libsystem_dnssd.dylib
0x0000000008328000 	/usr/lib/system/libsystem_info.dylib
0x0000000008328000 	/usr/lib/system/libsystem_kernel.dylib
0x0000000008328000 	/usr/lib/system/libsystem_m.dylib
0x0000000008328000 	/usr/lib/system/libsystem_malloc.dylib
0x0000000008328000 	/usr/lib/system/libsystem_network.dylib
0x0000000008328000 	/usr/lib/system/libsystem_networkextension.dylib
0x0000000008328000 	/usr/lib/system/libsystem_notify.dylib
0x0000000008328000 	/usr/lib/system/libsystem_platform.dylib
0x0000000008328000 	/usr/lib/system/libsystem_pthread.dylib
0x0000000008328000 	/usr/lib/system/libsystem_sandbox.dylib
0x0000000008328000 	/usr/lib/system/libsystem_secinit.dylib
0x0000000008328000 	/usr/lib/system/libsystem_trace.dylib
0x0000000008328000 	/usr/lib/system/libunc.dylib
0x0000000008328000 	/usr/lib/system/libunwind.dylib
0x0000000008328000 	/usr/lib/system/libxpc.dylib
0x0000000008328000 	/usr/lib/libenergytrace.dylib
0x0000000008328000 	/usr/lib/libbsm.0.dylib
0x0000000008328000 	/usr/lib/system/libkxld.dylib
0x0000000008328000 	/usr/lib/libxar.1.dylib
0x0000000008328000 	/usr/lib/libsqlite3.dylib
0x0000000008328000 	/usr/lib/libpam.2.dylib
0x0000000008328000 	/usr/lib/libOpenScriptingUtil.dylib
0x0000000008328000 	/usr/lib/libbz2.1.0.dylib
0x0000000008328000 	/usr/lib/liblzma.5.dylib
0x0000000008328000 	/System/Library/Frameworks/CoreServices.framework/Versions/A/Frameworks/FSEvents.framework/Versions/A/FSEvents
0x0000000008328000 	/System/Library/Frameworks/CoreServices.framework/Versions/A/Frameworks/CarbonCore.framework/Versions/A/CarbonCore
0x0000000008328000 	/System/Library/Frameworks/CoreServices.framework/Versions/A/Frameworks/Metadata.framework/Versions/A/Metadata
0x0000000008328000 	/System/Library/Frameworks/CoreServices.framework/Versions/A/Frameworks/OSServices.framework/Versions/A/OSServices
0x0000000008328000 	/System/Library/Frameworks/CoreServices.framework/Versions/A/Frameworks/SearchKit.framework/Versions/A/SearchKit
0x0000000008328000 	/System/Library/Frameworks/CoreServices.framework/Versions/A/Frameworks/AE.framework/Versions/A/AE
0x0000000008328000 	/System/Library/Frameworks/CoreServices.framework/Versions/A/Frameworks/LaunchServices.framework/Versions/A/LaunchServices
0x0000000008328000 	/System/Library/Frameworks/CoreServices.framework/Versions/A/Frameworks/DictionaryServices.framework/Versions/A/DictionaryServices
0x0000000008328000 	/System/Library/Frameworks/CoreServices.framework/Versions/A/Frameworks/SharedFileList.framework/Versions/A/SharedFileList
0x0000000008328000 	/System/Library/Frameworks/NetFS.framework/Versions/A/NetFS
0x0000000008328000 	/System/Library/PrivateFrameworks/NetAuth.framework/Versions/A/NetAuth
0x0000000008328000 	/System/Library/PrivateFrameworks/login.framework/Versions/A/Frameworks/loginsupport.framework/Versions/A/loginsupport
0x0000000008328000 	/System/Library/PrivateFrameworks/TCC.framework/Versions/A/TCC
0x0000000008328000 	/usr/lib/libmecabra.dylib
0x0000000008328000 	/System/Library/Frameworks/ApplicationServices.framework/Versions/A/Frameworks/ATS.framework/Versions/A/ATS
0x0000000008328000 	/System/Library/Frameworks/ApplicationServices.framework/Versions/A/Frameworks/ColorSync.framework/Versions/A/ColorSync
0x0000000008328000 	/System/Library/Frameworks/ApplicationServices.framework/Versions/A/Frameworks/HIServices.framework/Versions/A/HIServices
0x0000000008328000 	/System/Library/Frameworks/ApplicationServices.framework/Versions/A/Frameworks/LangAnalysis.framework/Versions/A/LangAnalysis
0x0000000008328000 	/System/Library/Frameworks/ApplicationServices.framework/Versions/A/Frameworks/PrintCore.framework/Versions/A/PrintCore
0x0000000008328000 	/System/Library/Frameworks/ApplicationServices.framework/Versions/A/Frameworks/QD.framework/Versions/A/QD
0x0000000008328000 	/System/Library/Frameworks/ApplicationServices.framework/Versions/A/Frameworks/SpeechSynthesis.framework/Versions/A/SpeechSynthesis
0x0000000008328000 	/System/Library/Frameworks/Metal.framework/Versions/A/Metal
0x0000000008328000 	/System/Library/Frameworks/Accelerate.framework/Versions/A/Frameworks/vImage.framework/Versions/A/vImage
0x0000000008328000 	/System/Library/Frameworks/Accelerate.framework/Versions/A/Frameworks/vecLib.framework/Versions/A/vecLib
0x0000000008328000 	/System/Library/Frameworks/Accelerate.framework/Versions/A/Frameworks/vecLib.framework/Versions/A/libvDSP.dylib
0x0000000008328000 	/System/Library/Frameworks/Accelerate.framework/Versions/A/Frameworks/vecLib.framework/Versions/A/libvMisc.dylib
0x0000000008328000 	/System/Library/Frameworks/Accelerate.framework/Versions/A/Frameworks/vecLib.framework/Versions/A/libLAPACK.dylib
0x0000000008328000 	/System/Library/Frameworks/Accelerate.framework/Versions/A/Frameworks/vecLib.framework/Versions/A/libBLAS.dylib
0x0000000008328000 	/System/Library/Frameworks/Accelerate.framework/Versions/A/Frameworks/vecLib.framework/Versions/A/libLinearAlgebra.dylib
0x0000000008328000 	/System/Library/Frameworks/Accelerate.framework/Versions/A/Frameworks/vecLib.framework/Versions/A/libSparseBLAS.dylib
0x0000000008328000 	/System/Library/PrivateFrameworks/GPUCompiler.framework/libmetal_timestamp.dylib
0x0000000008328000 	/System/Library/Frameworks/OpenGL.framework/Versions/A/Libraries/libCoreFSCache.dylib
0x0000000008328000 	/System/Library/PrivateFrameworks/IOAccelerator.framework/Versions/A/IOAccelerator
0x0000000008328000 	/System/Library/Frameworks/ApplicationServices.framework/Versions/A/Frameworks/ATS.framework/Versions/A/Resources/libFontParser.dylib
0x0000000008328000 	/System/Library/Frameworks/ApplicationServices.framework/Versions/A/Frameworks/ATS.framework/Versions/A/Resources/libFontRegistry.dylib
0x0000000008328000 	/System/Library/PrivateFrameworks/AppleVPA.framework/Versions/A/AppleVPA
0x0000000008328000 	/System/Library/PrivateFrameworks/AppleJPEG.framework/Versions/A/AppleJPEG
0x0000000008328000 	/System/Library/Frameworks/ImageIO.framework/Versions/A/Resources/libJPEG.dylib
0x0000000008328000 	/System/Library/Frameworks/ImageIO.framework/Versions/A/Resources/libTIFF.dylib
0x0000000008328000 	/System/Library/Frameworks/ImageIO.framework/Versions/A/Resources/libPng.dylib
0x0000000008328000 	/System/Library/Frameworks/ImageIO.framework/Versions/A/Resources/libGIF.dylib
0x0000000008328000 	/System/Library/Frameworks/ImageIO.framework/Versions/A/Resources/libJP2.dylib
0x0000000008328000 	/System/Library/Frameworks/ImageIO.framework/Versions/A/Resources/libRadiance.dylib
0x0000000008328000 	/System/Library/Frameworks/CoreVideo.framework/Versions/A/CoreVideo
0x0000000008328000 	/System/Library/Frameworks/OpenGL.framework/Versions/A/Libraries/libGLU.dylib
0x0000000008328000 	/System/Library/Frameworks/OpenGL.framework/Versions/A/Libraries/libGFXShared.dylib
0x0000000008328000 	/System/Library/Frameworks/OpenGL.framework/Versions/A/Libraries/libGL.dylib
0x0000000008328000 	/System/Library/Frameworks/OpenGL.framework/Versions/A/Libraries/libGLImage.dylib
0x0000000008328000 	/System/Library/Frameworks/OpenGL.framework/Versions/A/Libraries/libCVMSPluginSupport.dylib
0x0000000008328000 	/System/Library/Frameworks/OpenGL.framework/Versions/A/Libraries/libCoreVMClient.dylib
0x0000000008328000 	/usr/lib/libcups.2.dylib
0x0000000008328000 	/System/Library/Frameworks/Kerberos.framework/Versions/A/Kerberos
0x0000000008328000 	/System/Library/Frameworks/GSS.framework/Versions/A/GSS
0x0000000008328000 	/usr/lib/libresolv.9.dylib
0x0000000008328000 	/usr/lib/libiconv.2.dylib
0x0000000008328000 	/System/Library/PrivateFrameworks/Heimdal.framework/Versions/A/Heimdal
0x0000000008328000 	/usr/lib/libheimdal-asn1.dylib
0x0000000008328000 	/System/Library/Frameworks/OpenDirectory.framework/Versions/A/OpenDirectory
0x0000000008328000 	/System/Library/PrivateFrameworks/CommonAuth.framework/Versions/A/CommonAuth
0x0000000008328000 	/System/Library/Frameworks/OpenDirectory.framework/Versions/A/Frameworks/CFOpenDirectory.framework/Versions/A/CFOpenDirectory
0x0000000008328000 	/System/Library/Frameworks/SecurityFoundation.framework/Versions/A/SecurityFoundation
0x0000000008328000 	/System/Library/PrivateFrameworks/LanguageModeling.framework/Versions/A/LanguageModeling
0x0000000008328000 	/usr/lib/libmarisa.dylib
0x0000000008328000 	/usr/lib/libChineseTokenizer.dylib
0x0000000008328000 	/usr/lib/libcmph.dylib
0x0000000008328000 	/usr/lib/libcompression.dylib
0x0000000008328000 	/System/Library/Frameworks/ServiceManagement.framework/Versions/A/ServiceManagement
0x0000000008328000 	/usr/lib/libxslt.1.dylib
0x0000000008328000 	/System/Library/Frameworks/Carbon.framework/Versions/A/Frameworks/Ink.framework/Versions/A/Ink
0x0000000008328000 	/usr/lib/libFosl_dynamic.dylib
0x0000000008328000 	/System/Library/PrivateFrameworks/FaceCore.framework/Versions/A/FaceCore
0x0000000008328000 	/System/Library/Frameworks/OpenCL.framework/Versions/A/OpenCL
0x0000000008328000 	/System/Library/PrivateFrameworks/CrashReporterSupport.framework/Versions/A/CrashReporterSupport
0x0000000008328000 	/System/Library/PrivateFrameworks/IconServices.framework/Versions/A/IconServices
0x0000000008328000 	/System/Library/PrivateFrameworks/Apple80211.framework/Versions/A/Apple80211
0x0000000008328000 	/System/Library/Frameworks/CoreWLAN.framework/Versions/A/CoreWLAN
0x0000000008328000 	/System/Library/Frameworks/IOBluetooth.framework/Versions/A/IOBluetooth
0x0000000008328000 	/System/Library/PrivateFrameworks/CoreWiFi.framework/Versions/A/CoreWiFi
0x0000000008328000 	/System/Library/Frameworks/CoreBluetooth.framework/Versions/A/CoreBluetooth
0x0000000008328000 	/System/Library/PrivateFrameworks/ChunkingLibrary.framework/Versions/A/ChunkingLibrary
0x0000000008328000 	/System/Library/PrivateFrameworks/DebugSymbols.framework/Versions/A/DebugSymbols
0x0000000008328000 	/System/Library/PrivateFrameworks/CoreSymbolication.framework/Versions/A/CoreSymbolication
0x0000000008328000 	/System/Library/PrivateFrameworks/Symbolication.framework/Versions/A/Symbolication
0x0000000008328000 	/System/Library/PrivateFrameworks/SpeechRecognitionCore.framework/Versions/A/SpeechRecognitionCore
0x0000000055863000 	/System/Library/CoreServices/Encodings/libJapaneseConverter.dylib
0x0000000110a00000 	/Library/Java/JavaVirtualMachines/jdk1.7.0_79.jdk/Contents/Home/jre/lib/server/libjvm.dylib
0x0000000008328000 	/usr/lib/libstdc++.6.dylib
0x00000001101eb000 	/Library/Java/JavaVirtualMachines/jdk1.7.0_79.jdk/Contents/Home/jre/lib/libverify.dylib
0x0000000111463000 	/Library/Java/JavaVirtualMachines/jdk1.7.0_79.jdk/Contents/Home/jre/lib/libjava.dylib
0x000000011149b000 	/Library/Java/JavaVirtualMachines/jdk1.7.0_79.jdk/Contents/Home/jre/lib/libzip.dylib
0x000000011d82c000 	/System/Library/Frameworks/JavaVM.framework/Frameworks/JavaRuntimeSupport.framework/JavaRuntimeSupport
0x000000011d847000 	/System/Library/Frameworks/JavaVM.framework/Versions/A/Frameworks/JavaNativeFoundation.framework/Versions/A/JavaNativeFoundation
0x000000011d85c000 	/System/Library/Frameworks/JavaVM.framework/Versions/A/JavaVM
0x0000000008328000 	/System/Library/Frameworks/Carbon.framework/Versions/A/Carbon
0x000000011d869000 	/System/Library/PrivateFrameworks/JavaLaunching.framework/Versions/A/JavaLaunching
0x0000000008328000 	/System/Library/Frameworks/Carbon.framework/Versions/A/Frameworks/CommonPanels.framework/Versions/A/CommonPanels
0x0000000008328000 	/System/Library/Frameworks/Carbon.framework/Versions/A/Frameworks/Help.framework/Versions/A/Help
0x0000000008328000 	/System/Library/Frameworks/Carbon.framework/Versions/A/Frameworks/ImageCapture.framework/Versions/A/ImageCapture
0x0000000008328000 	/System/Library/Frameworks/Carbon.framework/Versions/A/Frameworks/OpenScripting.framework/Versions/A/OpenScripting
0x0000000008328000 	/System/Library/Frameworks/Carbon.framework/Versions/A/Frameworks/Print.framework/Versions/A/Print
0x0000000008328000 	/System/Library/Frameworks/Carbon.framework/Versions/A/Frameworks/SecurityHI.framework/Versions/A/SecurityHI
0x000000011f247000 	/Library/Java/JavaVirtualMachines/jdk1.7.0_79.jdk/Contents/Home/jre/lib/libnet.dylib
0x000000011f2a5000 	/Library/Java/JavaVirtualMachines/jdk1.7.0_79.jdk/Contents/Home/jre/lib/libnio.dylib
0x000000011f1e0000 	/usr/local/bin/mecab-java/libMeCab.dylib
0x000000011fc29000 	/usr/local/opt/mecab/lib/libmecab.2.dylib

VM Arguments:
jvm_args: -Xms1024m -Xmx1024m -XX:ReservedCodeCacheSize=128m -XX:MaxPermSize=256m 
java_command: /usr/local/Cellar/sbt/0.13.11/libexec/sbt-launch.jar console
Launcher Type: SUN_STANDARD

Environment Variables:
JAVA_HOME=/Library/Java/JavaVirtualMachines/jdk1.7.0_79.jdk/Contents/Home
JRE_HOME=/Library/Java/JavaVirtualMachines/jdk1.7.0_79.jdk/Contents/Home
CLASSPATH=:/Users/a14188/practice/scala/:.:/usr/local/bin/mecab-java/MeCab.jar
PATH=/Users/a14188/.phpbrew/php/php-5.2.17/bin:/Users/a14188/.phpbrew/bin:/Users/a14188/.rbenv/shims:/usr/local/heroku/bin:/Library/Java/JavaVirtualMachines/jdk1.7.0_79.jdk/Contents/Home/bin:/Users/a14188/ec2-api-tools/bin:/usr/bin:/bin:/usr/sbin:/sbin:/usr/local/bin:/opt/X11/bin:/Users/a14188/.rbenv/shims:/usr/local/heroku/bin:/Library/Java/JavaVirtualMachines/jdk1.7.0_79.jdk/Contents/Home/bin:/Users/a14188/android-sdk/sdk/platform-tools:/Users/a14188/android-sdk/sdk/tools:/usr/local/sbin:/Applications/UpTex.app/teTeX/bin:/Users/a14188/bin:/Users/a14188/ec2-api-tools/bin:/Users/a14188/Library/Python/2.7/bin:/usr/local/share/spark/bin:/Users/a14188/.ssh/ssh/:/usr/bin:/bin:/usr/sbin:/sbin:/Users/a14188/android-sdk/sdk/platform-tools:/Users/a14188/android-sdk/sdk/tools:/usr/local/bin:/usr/local/sbin:/Applications/UpTex.app/teTeX/bin:/Users/a14188/.go/bin:/Users/a14188/bin:/Users/a14188/ec2-api-tools/bin:/Users/a14188/Library/Python/2.7/bin:/usr/local/share/spark/bin:/Users/a14188/.ssh/ssh/
LD_LIBRARY_PATH=.:/usr/local/bin/mecab-java
SHELL=/usr/local/bin/zsh-5.2
DISPLAY=/private/tmp/com.apple.launchd.YAgak5QBpF/org.macosforge.xquartz:0
DYLD_LIBRARY_PATH=.:/usr/local/bin/mecab-java

Signal Handlers:
SIGSEGV: [libjvm.dylib+0x52daf1], sa_mask[0]=0xfffefeff, sa_flags=0x00000043
SIGBUS: [libjvm.dylib+0x52daf1], sa_mask[0]=0xfffefeff, sa_flags=0x00000042
SIGFPE: [libjvm.dylib+0x41f34e], sa_mask[0]=0xfffefeff, sa_flags=0x00000042
SIGPIPE: [libjvm.dylib+0x41f34e], sa_mask[0]=0xfffefeff, sa_flags=0x00000042
SIGXFSZ: [libjvm.dylib+0x41f34e], sa_mask[0]=0xfffefeff, sa_flags=0x00000042
SIGILL: [libjvm.dylib+0x41f34e], sa_mask[0]=0xfffefeff, sa_flags=0x00000042
SIGUSR1: SIG_DFL, sa_mask[0]=0x00000000, sa_flags=0x00000002
SIGUSR2: [libjvm.dylib+0x41ee40], sa_mask[0]=0x00000000, sa_flags=0x00000042
SIGHUP: [libjvm.dylib+0x41d0d1], sa_mask[0]=0xfffefeff, sa_flags=0x00000042
SIGINT: [libjvm.dylib+0x41d0d1], sa_mask[0]=0xfffefeff, sa_flags=0x00000042
SIGTERM: [libjvm.dylib+0x41d0d1], sa_mask[0]=0xfffefeff, sa_flags=0x00000042
SIGQUIT: [libjvm.dylib+0x41d0d1], sa_mask[0]=0xfffefeff, sa_flags=0x00000042


---------------  S Y S T E M  ---------------

OS:Bsduname:Darwin 15.4.0 Darwin Kernel Version 15.4.0: Fri Feb 26 22:08:05 PST 2016; root:xnu-3248.40.184~3/RELEASE_X86_64 x86_64
rlimit: STACK 8192k, CORE 0k, NPROC 709, NOFILE 10240, AS infinity
load average:2.79 3.29 3.42

CPU:total 4 (2 cores per cpu, 2 threads per core) family 6 model 58 stepping 9, cmov, cx8, fxsr, mmx, sse, sse2, sse3, ssse3, sse4.1, sse4.2, popcnt, avx, aes, erms, ht, tsc, tscinvbit, tscinv

Memory: 4k page, physical 8388608k(2097152k free)

/proc/meminfo:


vm_info: Java HotSpot(TM) 64-Bit Server VM (24.79-b02) for bsd-amd64 JRE (1.7.0_79-b15), built on Apr 10 2015 11:35:04 by "java_re" with gcc 4.2.1 (Based on Apple Inc. build 5658) (LLVM build 2336.11.00)

time: Tue Jun 28 14:54:52 2016
elapsed time: 124 seconds

