#
# A fatal error has been detected by the Java Runtime Environment:
#
#  SIGSEGV (0xb) at pc=0x0000000107d0ef66, pid=1564, tid=22275
#
# JRE version: Java(TM) SE Runtime Environment (7.0_79-b15) (build 1.7.0_79-b15)
# Java VM: Java HotSpot(TM) 64-Bit Server VM (24.79-b02 mixed mode bsd-amd64 compressed oops)
# Problematic frame:
# V  [libjvm.dylib+0x50ef66]
#
# Core dump written. Default location: /cores/core or core.1564
#
# If you would like to submit a bug report, please visit:
#   http://bugreport.java.com/bugreport/crash.jsp
#

---------------  T H R E A D  ---------------

Current thread (0x00007fe220d68000):  JavaThread "run-main-0" [_thread_in_vm, id=22275, stack(0x0000700001481000,0x0000700001581000)]

siginfo:si_signo=SIGSEGV: si_errno=0, si_code=1 (SEGV_MAPERR), si_addr=0x00000004cf7e30c3

Registers:
RAX=0x0000000108018770, RBX=0x00007fe220d68000, RCX=0x000070000157da98, RDX=0x00007fe212dce8d0
RSP=0x000070000157d9d0, RBP=0x000070000157d9d0, RSI=0x00007fe220d68000, RDI=0x00000004cf7e30c3
R8 =0x0000000000000000, R9 =0x0000000000000000, R10=0x00000001084cee55, R11=0x0000000000000000
R12=0x0000000000000000, R13=0x0000000000000007, R14=0x00000004cf7e30c3, R15=0x00007fe220d68000
RIP=0x0000000107d0ef66, EFLAGS=0x0000000000010206, ERR=0x0000000000000004
  TRAPNO=0x000000000000000e

Top of Stack: (sp=0x000070000157d9d0)
0x000070000157d9d0:   000070000157da00 0000000107ae2ddf
0x000070000157d9e0:   00007fe222ac38f0 00007fe220d68000
0x000070000157d9f0:   00007fe220d681e8 00007fe220d68000
0x000070000157da00:   000070000157da20 0000000107ae2e48
0x000070000157da10:   00000004cf7e30c3 00000004cf7e30c3
0x000070000157da20:   000070000157da80 0000000107b09f2f
0x000070000157da30:   00007fe212dce8d0 00007fe220d68000
0x000070000157da40:   0000000000000000 00007fe220d681e8
0x000070000157da50:   000070000157da80 00007fe220d68000
0x000070000157da60:   00007fe220d68000 000000008a5e52d5
0x000070000157da70:   000070000157dac0 00007fe220d68000
0x000070000157da80:   000070000157dad0 00000001084ceec7
0x000070000157da90:   00000007eaacfdb8 00000007eaad0090
0x000070000157daa0:   00007000fd559fbc 00000007eaacfde0
0x000070000157dab0:   00000007eaacfdb8 00007fe2117c4000
0x000070000157dac0:   00000007c4b0b830 00000007c3d411c0
0x000070000157dad0:   00000007bff82078 00000001084c9948
0x000070000157dae0:   00000007eaad0100 00000007fff00030
0x000070000157daf0:   00000007eaad0090 00000007eaad00d8
0x000070000157db00:   00000007bff82088 00000007b08a66b0
0x000070000157db10:   0000000000000000 000070000157db30
0x000070000157db20:   000070000157db90 00000001082af233
0x000070000157db30:   00000007ffb9df80 00000001082af233
0x000070000157db40:   00000007c3d411c0 00000007ffe080c0
0x000070000157db50:   000070000157db50 00000007b36d77ea
0x000070000157db60:   000070000157dba8 00000007b36d7c10
0x000070000157db70:   0000000000000000 00000007b36d7830
0x000070000157db80:   000070000157db40 000070000157dba0
0x000070000157db90:   000070000157dbf0 00000001082af233
0x000070000157dba0:   00000007c3d411c0 00000007c4b0b888
0x000070000157dbb0:   000070000157dbb0 00000007b36d5c24
0x000070000157dbc0:   000070000157dc08 00000007b36d6108 

Instructions: (pc=0x0000000107d0ef66)
0x0000000107d0ef46:   81 e2 c0 00 00 00 81 fa 80 00 00 00 0f 44 f1 48
0x0000000107d0ef56:   ff c7 48 ff c8 75 e3 89 f0 5d c3 90 55 48 89 e5
0x0000000107d0ef66:   8a 0f 84 c9 75 04 31 c0 5d c3 48 ff c7 31 c0 0f
0x0000000107d0ef76:   b6 c9 81 e1 c0 00 00 00 81 f9 80 00 00 00 0f 95 

Register to memory mapping:

RAX=0x0000000108018770: _ZN20SafepointSynchronize6_stateE+0 in /Library/Java/JavaVirtualMachines/jdk1.7.0_79.jdk/Contents/Home/jre/lib/server/libjvm.dylib at 0x0000000107800000
RBX=0x00007fe220d68000 is a thread
RCX=0x000070000157da98 is pointing into the stack for thread: 0x00007fe220d68000
RDX=0x00007fe212dce8d0 is an unknown value
RSP=0x000070000157d9d0 is pointing into the stack for thread: 0x00007fe220d68000
RBP=0x000070000157d9d0 is pointing into the stack for thread: 0x00007fe220d68000
RSI=0x00007fe220d68000 is a thread
RDI=0x00000004cf7e30c3 is an unknown value
R8 =0x0000000000000000 is an unknown value
R9 =0x0000000000000000 is an unknown value
R10=0x00000001084cee55 is at entry_point+85 in (nmethod*)0x00000001084cec90
R11=0x0000000000000000 is an unknown value
R12=0x0000000000000000 is an unknown value
R13=0x0000000000000007 is an unknown value
R14=0x00000004cf7e30c3 is an unknown value
R15=0x00007fe220d68000 is a thread


Stack: [0x0000700001481000,0x0000700001581000],  sp=0x000070000157d9d0,  free space=1010k
Native frames: (J=compiled Java code, j=interpreted, Vv=VM code, C=native code)
V  [libjvm.dylib+0x50ef66]
V  [libjvm.dylib+0x2e2ddf]
V  [libjvm.dylib+0x2e2e48]
V  [libjvm.dylib+0x309f2f]
J 2012  org.chasen.mecab.MeCabJNI.Node_feature_get(JLorg/chasen/mecab/Node;)Ljava/lang/String; (0 bytes) @ 0x00000001084ceec7 [0x00000001084cee00+0xc7]

Java frames: (J=compiled Java code, j=interpreted, Vv=VM code)
J 2012  org.chasen.mecab.MeCabJNI.Node_feature_get(JLorg/chasen/mecab/Node;)Ljava/lang/String; (0 bytes) @ 0x00000001084cee55 [0x00000001084cee00+0x55]
J 2022 C2 nlp.Parser$.toWordNodes(Ljava/lang/String;)Lscala/collection/Seq; (130 bytes) @ 0x00000001084c9948 [0x00000001084c9540+0x408]
j  nlp.Parser$.toMainlyEndFormWords(Ljava/lang/String;)Lscala/collection/Seq;+2
j  search.Searchable$class.getTf(Lsearch/Searchable;Ljava/lang/String;)Lscala/collection/immutable/Map;+4
j  search.Email.getTf(Ljava/lang/String;)Lscala/collection/immutable/Map;+2
j  search.Email.<init>(Ljava/lang/String;Ljava/lang/String;)V+40
j  $line5.$read$$iw$$iw$$iw$$iw$$iw$$iw$$iw$$iw$$anonfun$1.apply(Lscala/collection/Seq;)Lsearch/Email;+24
j  $line5.$read$$iw$$iw$$iw$$iw$$iw$$iw$$iw$$iw$$anonfun$1.apply(Ljava/lang/Object;)Ljava/lang/Object;+5
J 424 C2 scala.collection.TraversableLike$$anonfun$map$1.apply(Ljava/lang/Object;)Ljava/lang/Object; (6 bytes) @ 0x00000001083b0b2c [0x00000001083b0ae0+0x4c]
J 328 C2 scala.collection.immutable.List.foreach(Lscala/Function1;)V (32 bytes) @ 0x000000010839acac [0x000000010839ac00+0xac]
J 1147 C2 scala.collection.AbstractTraversable.map(Lscala/Function1;Lscala/collection/generic/CanBuildFrom;)Ljava/lang/Object; (7 bytes) @ 0x00000001084a92a4 [0x00000001084a91c0+0xe4]
j  $line5.$read$$iw$$iw$$iw$$iw$$iw$$iw$$iw$$iw$.<init>()V+37
j  $line5.$read$$iw$$iw$$iw$$iw$$iw$$iw$$iw$$iw$.<clinit>()V+3
v  ~StubRoutines::call_stub
j  $line5.$eval$.<init>()V+9
j  $line5.$eval$.<clinit>()V+3
v  ~StubRoutines::call_stub
j  $line5.$eval.$print()Ljava/lang/String;+0
v  ~StubRoutines::call_stub
j  sun.reflect.NativeMethodAccessorImpl.invoke0(Ljava/lang/reflect/Method;Ljava/lang/Object;[Ljava/lang/Object;)Ljava/lang/Object;+0
j  sun.reflect.NativeMethodAccessorImpl.invoke(Ljava/lang/Object;[Ljava/lang/Object;)Ljava/lang/Object;+87
j  sun.reflect.DelegatingMethodAccessorImpl.invoke(Ljava/lang/Object;[Ljava/lang/Object;)Ljava/lang/Object;+6
j  java.lang.reflect.Method.invoke(Ljava/lang/Object;[Ljava/lang/Object;)Ljava/lang/Object;+57
j  scala.tools.nsc.interpreter.IMain$ReadEvalPrint.call(Ljava/lang/String;Lscala/collection/Seq;)Ljava/lang/Object;+87
j  scala.tools.nsc.interpreter.IMain$Request.loadAndRun()Lscala/Tuple2;+33
j  scala.tools.nsc.interpreter.IMain.loadAndRunReq$1(Lscala/tools/nsc/interpreter/IMain$Request;)Lscala/tools/nsc/interpreter/Results$Result;+8
j  scala.tools.nsc.interpreter.IMain.interpret(Ljava/lang/String;Z)Lscala/tools/nsc/interpreter/Results$Result;+90
j  scala.tools.nsc.interpreter.IMain.interpret(Ljava/lang/String;)Lscala/tools/nsc/interpreter/Results$Result;+3
j  scala.tools.nsc.interpreter.ILoop.reallyInterpret$1(Ljava/lang/String;)Lscala/Tuple2;+5
j  scala.tools.nsc.interpreter.ILoop.interpretStartingWith(Ljava/lang/String;)Lscala/Option;+177
j  scala.tools.nsc.interpreter.ILoop.command(Ljava/lang/String;)Lscala/tools/nsc/interpreter/LoopCommands$Result;+214
j  scala.tools.nsc.interpreter.ILoop.processLine$1(Ljava/lang/String;)Z+33
j  scala.tools.nsc.interpreter.ILoop.innerLoop$1()V+5
j  scala.tools.nsc.interpreter.ILoop.loop()V+1
j  scala.tools.nsc.interpreter.ILoop$$anonfun$process$1.apply$mcZ$sp()Z+293
j  scala.tools.nsc.interpreter.ILoop$$anonfun$process$1.apply()Z+1
j  scala.tools.nsc.interpreter.ILoop$$anonfun$process$1.apply()Ljava/lang/Object;+1
j  scala.tools.nsc.util.ScalaClassLoader$.savingContextLoader(Lscala/Function0;)Ljava/lang/Object;+6
j  scala.tools.nsc.interpreter.ILoop.process(Lscala/tools/nsc/Settings;)Z+21
j  scala.tools.nsc.interpreter.ILoop.main(Lscala/tools/nsc/Settings;)V+2
j  xsbt.ConsoleInterface.run([Ljava/lang/String;Ljava/lang/String;Ljava/lang/String;Ljava/lang/String;Ljava/lang/String;Ljava/lang/ClassLoader;[Ljava/lang/String;[Ljava/lang/Object;Lxsbti/Logger;)V+152
v  ~StubRoutines::call_stub
j  sun.reflect.NativeMethodAccessorImpl.invoke0(Ljava/lang/reflect/Method;Ljava/lang/Object;[Ljava/lang/Object;)Ljava/lang/Object;+0
j  sun.reflect.NativeMethodAccessorImpl.invoke(Ljava/lang/Object;[Ljava/lang/Object;)Ljava/lang/Object;+87
j  sun.reflect.DelegatingMethodAccessorImpl.invoke(Ljava/lang/Object;[Ljava/lang/Object;)Ljava/lang/Object;+6
j  java.lang.reflect.Method.invoke(Ljava/lang/Object;[Ljava/lang/Object;)Ljava/lang/Object;+57
j  sbt.compiler.AnalyzingCompiler.call(Ljava/lang/String;Ljava/lang/String;Lsbt/Logger;Lscala/collection/Seq;Lscala/collection/Seq;)Ljava/lang/Object;+61
j  sbt.compiler.AnalyzingCompiler.console(Lscala/collection/Seq;Lscala/collection/Seq;Ljava/lang/String;Ljava/lang/String;Lsbt/Logger;Lscala/Option;Lscala/collection/Seq;)V+341
j  sbt.Console.sbt$Console$$console0$1(Lscala/collection/Seq;Lscala/collection/Seq;Ljava/lang/String;Ljava/lang/String;Lscala/Option;Lscala/collection/Seq;Lsbt/Logger;)V+15
j  sbt.Console$$anonfun$apply$2$$anonfun$apply$1.apply$mcV$sp()V+56
j  sbt.Console$$anonfun$apply$2$$anonfun$apply$1.apply()V+1
j  sbt.Console$$anonfun$apply$2$$anonfun$apply$1.apply()Ljava/lang/Object;+1
j  sbt.Logger$$anon$4.apply()Ljava/lang/Object;+4
j  sbt.TrapExit$App.run()V+4
j  java.lang.Thread.run()V+11
v  ~StubRoutines::call_stub

---------------  P R O C E S S  ---------------

Java Threads: ( => current thread )
  0x00007fe2241bc000 JavaThread "process reaper" daemon [_thread_blocked, id=19215, stack(0x0000700000097000,0x00007000000bf000)]
=>0x00007fe220d68000 JavaThread "run-main-0" [_thread_in_vm, id=22275, stack(0x0000700001481000,0x0000700001581000)]
  0x00007fe2209a7800 JavaThread "pool-2-thread-2" [_thread_blocked, id=20231, stack(0x0000700001075000,0x0000700001175000)]
  0x00007fe220858000 JavaThread "Service Thread" daemon [_thread_blocked, id=18179, stack(0x0000700000d41000,0x0000700000e41000)]
  0x00007fe220857000 JavaThread "C2 CompilerThread1" daemon [_thread_blocked, id=17667, stack(0x0000700000c3e000,0x0000700000d3e000)]
  0x00007fe22102b800 JavaThread "C2 CompilerThread0" daemon [_thread_blocked, id=17155, stack(0x0000700000b3b000,0x0000700000c3b000)]
  0x00007fe220855000 JavaThread "Signal Dispatcher" daemon [_thread_blocked, id=13839, stack(0x0000700000a38000,0x0000700000b38000)]
  0x00007fe220839800 JavaThread "Finalizer" daemon [_thread_in_native, id=12291, stack(0x000070000082f000,0x000070000092f000)]
  0x00007fe220838800 JavaThread "Reference Handler" daemon [_thread_blocked, id=11779, stack(0x000070000072c000,0x000070000082c000)]
  0x00007fe222002000 JavaThread "main" [_thread_blocked, id=5891, stack(0x000070000011a000,0x000070000021a000)]

Other Threads:
  0x00007fe220836000 VMThread [stack: 0x0000700000629000,0x0000700000729000] [id=11267]
  0x00007fe222013000 WatcherThread [stack: 0x0000700000e44000,0x0000700000f44000] [id=18691]

VM state:not at safepoint (normal execution)

VM Mutex/Monitor currently owned by a thread: None

Heap
 PSYoungGen      total 341504K, used 7795K [0x00000007eaa80000, 0x0000000800000000, 0x0000000800000000)
  eden space 340480K, 1% used [0x00000007eaa80000,0x00000007eb11cea0,0x00000007ff700000)
  from space 1024K, 100% used [0x00000007fff00000,0x0000000800000000,0x0000000800000000)
  to   space 4608K, 0% used [0x00000007ff700000,0x00000007ff700000,0x00000007ffb80000)
 ParOldGen       total 699392K, used 84035K [0x00000007bff80000, 0x00000007eaa80000, 0x00000007eaa80000)
  object space 699392K, 12% used [0x00000007bff80000,0x00000007c5190dc0,0x00000007eaa80000)
 PSPermGen       total 57344K, used 56890K [0x00000007aff80000, 0x00000007b3780000, 0x00000007bff80000)
  object space 57344K, 99% used [0x00000007aff80000,0x00000007b370ebe0,0x00000007b3780000)

Card table byte_map: [0x00000001104a9000,0x000000011072a000] byte_map_base: 0x000000010c729400

Polling page: 0x0000000106ff4000

Code Cache  [0x00000001082a9000, 0x00000001086d9000, 0x00000001102a9000)
 total_blobs=2176 nmethods=1784 adapters=342 free_code_cache=126911Kb largest_free_block=129880064

Compilation events (10 events):
Event: 8209.141 Thread 0x00007fe22102b800 2049             scala.collection.immutable.HashMap$HashTrieMap::get0 (90 bytes)
Event: 8209.143 Thread 0x00007fe22102b800 nmethod 2049 0x00000001086be610 code [0x00000001086be7a0, 0x00000001086beac8]
Event: 8209.176 Thread 0x00007fe220857000 2050             scala.collection.immutable.HashMap$HashTrieMap::foreach (29 bytes)
Event: 8209.177 Thread 0x00007fe220857000 nmethod 2050 0x00000001086be250 code [0x00000001086be3a0, 0x00000001086be4b8]
Event: 8209.296 Thread 0x00007fe22102b800 2051             scala.collection.immutable.HashSet$HashSet1::foreach (12 bytes)
Event: 8209.296 Thread 0x00007fe22102b800 nmethod 2051 0x00000001086bcb50 code [0x00000001086bcca0, 0x00000001086bcd38]
Event: 8209.357 Thread 0x00007fe220857000 2052             scala.collection.immutable.HashSet$HashSet1::updated0 (142 bytes)
Event: 8209.373 Thread 0x00007fe220857000 nmethod 2052 0x00000001086c9e90 code [0x00000001086ca100, 0x00000001086cb1b0]
Event: 8209.380 Thread 0x00007fe22102b800 2053             scala.collection.immutable.HashMap$HashMap1::foreach (12 bytes)
Event: 8209.381 Thread 0x00007fe22102b800 nmethod 2053 0x00000001086c9b10 code [0x00000001086c9c60, 0x00000001086c9d98]

GC Heap History (10 events):
Event: 8207.528 GC heap before
{Heap before GC invocations=120 (full 0):
 PSYoungGen      total 348672K, used 348106K [0x00000007eaa80000, 0x0000000800000000, 0x0000000800000000)
  eden space 347648K, 100% used [0x00000007eaa80000,0x00000007ffe00000,0x00000007ffe00000)
  from space 1024K, 44% used [0x00000007ffe00000,0x00000007ffe72808,0x00000007fff00000)
  to   space 1024K, 0% used [0x00000007fff00000,0x00000007fff00000,0x0000000800000000)
 ParOldGen       total 699392K, used 74408K [0x00000007bff80000, 0x00000007eaa80000, 0x00000007eaa80000)
  object space 699392K, 10% used [0x00000007bff80000,0x00000007c482a2b0,0x00000007eaa80000)
 PSPermGen       total 56832K, used 56650K [0x00000007aff80000, 0x00000007b3700000, 0x00000007bff80000)
  object space 56832K, 99% used [0x00000007aff80000,0x00000007b36d2ad8,0x00000007b3700000)
Event: 8207.530 GC heap after
Heap after GC invocations=120 (full 0):
 PSYoungGen      total 348672K, used 277K [0x00000007eaa80000, 0x0000000800000000, 0x0000000800000000)
  eden space 347648K, 0% used [0x00000007eaa80000,0x00000007eaa80000,0x00000007ffe00000)
  from space 1024K, 27% used [0x00000007fff00000,0x00000007fff45470,0x0000000800000000)
  to   space 1024K, 0% used [0x00000007ffe00000,0x00000007ffe00000,0x00000007fff00000)
 ParOldGen       total 699392K, used 74618K [0x00000007bff80000, 0x00000007eaa80000, 0x00000007eaa80000)
  object space 699392K, 10% used [0x00000007bff80000,0x00000007c485eb30,0x00000007eaa80000)
 PSPermGen       total 56832K, used 56650K [0x00000007aff80000, 0x00000007b3700000, 0x00000007bff80000)
  object space 56832K, 99% used [0x00000007aff80000,0x00000007b36d2ad8,0x00000007b3700000)
}
Event: 8207.758 GC heap before
{Heap before GC invocations=121 (full 0):
 PSYoungGen      total 348672K, used 347925K [0x00000007eaa80000, 0x0000000800000000, 0x0000000800000000)
  eden space 347648K, 100% used [0x00000007eaa80000,0x00000007ffe00000,0x00000007ffe00000)
  from space 1024K, 27% used [0x00000007fff00000,0x00000007fff45470,0x0000000800000000)
  to   space 1024K, 0% used [0x00000007ffe00000,0x00000007ffe00000,0x00000007fff00000)
 ParOldGen       total 699392K, used 74618K [0x00000007bff80000, 0x00000007eaa80000, 0x00000007eaa80000)
  object space 699392K, 10% used [0x00000007bff80000,0x00000007c485eb30,0x00000007eaa80000)
 PSPermGen       total 56832K, used 56650K [0x00000007aff80000, 0x00000007b3700000, 0x00000007bff80000)
  object space 56832K, 99% used [0x00000007aff80000,0x00000007b36d2ad8,0x00000007b3700000)
Event: 8207.759 GC heap after
Heap after GC invocations=121 (full 0):
 PSYoungGen      total 348672K, used 218K [0x00000007eaa80000, 0x0000000800000000, 0x0000000800000000)
  eden space 347648K, 0% used [0x00000007eaa80000,0x00000007eaa80000,0x00000007ffe00000)
  from space 1024K, 21% used [0x00000007ffe00000,0x00000007ffe36ab8,0x00000007fff00000)
  to   space 1024K, 0% used [0x00000007fff00000,0x00000007fff00000,0x0000000800000000)
 ParOldGen       total 699392K, used 74735K [0x00000007bff80000, 0x00000007eaa80000, 0x00000007eaa80000)
  object space 699392K, 10% used [0x00000007bff80000,0x00000007c487bee0,0x00000007eaa80000)
 PSPermGen       total 56832K, used 56650K [0x00000007aff80000, 0x00000007b3700000, 0x00000007bff80000)
  object space 56832K, 99% used [0x00000007aff80000,0x00000007b36d2ad8,0x00000007b3700000)
}
Event: 8207.988 GC heap before
{Heap before GC invocations=122 (full 0):
 PSYoungGen      total 348672K, used 347866K [0x00000007eaa80000, 0x0000000800000000, 0x0000000800000000)
  eden space 347648K, 100% used [0x00000007eaa80000,0x00000007ffe00000,0x00000007ffe00000)
  from space 1024K, 21% used [0x00000007ffe00000,0x00000007ffe36ab8,0x00000007fff00000)
  to   space 1024K, 0% used [0x00000007fff00000,0x00000007fff00000,0x0000000800000000)
 ParOldGen       total 699392K, used 74735K [0x00000007bff80000, 0x00000007eaa80000, 0x00000007eaa80000)
  object space 699392K, 10% used [0x00000007bff80000,0x00000007c487bee0,0x00000007eaa80000)
 PSPermGen       total 56832K, used 56650K [0x00000007aff80000, 0x00000007b3700000, 0x00000007bff80000)
  object space 56832K, 99% used [0x00000007aff80000,0x00000007b36d2ad8,0x00000007b3700000)
Event: 8207.990 GC heap after
Heap after GC invocations=122 (full 0):
 PSYoungGen      total 348672K, used 152K [0x00000007eaa80000, 0x0000000800000000, 0x0000000800000000)
  eden space 347648K, 0% used [0x00000007eaa80000,0x00000007eaa80000,0x00000007ffe00000)
  from space 1024K, 14% used [0x00000007fff00000,0x00000007fff26078,0x0000000800000000)
  to   space 1024K, 0% used [0x00000007ffe00000,0x00000007ffe00000,0x00000007fff00000)
 ParOldGen       total 699392K, used 74927K [0x00000007bff80000, 0x00000007eaa80000, 0x00000007eaa80000)
  object space 699392K, 10% used [0x00000007bff80000,0x00000007c48abda0,0x00000007eaa80000)
 PSPermGen       total 56832K, used 56650K [0x00000007aff80000, 0x00000007b3700000, 0x00000007bff80000)
  object space 56832K, 99% used [0x00000007aff80000,0x00000007b36d2ad8,0x00000007b3700000)
}
Event: 8209.008 GC heap before
{Heap before GC invocations=123 (full 0):
 PSYoungGen      total 348672K, used 347800K [0x00000007eaa80000, 0x0000000800000000, 0x0000000800000000)
  eden space 347648K, 100% used [0x00000007eaa80000,0x00000007ffe00000,0x00000007ffe00000)
  from space 1024K, 14% used [0x00000007fff00000,0x00000007fff26078,0x0000000800000000)
  to   space 1024K, 0% used [0x00000007ffe00000,0x00000007ffe00000,0x00000007fff00000)
 ParOldGen       total 699392K, used 74927K [0x00000007bff80000, 0x00000007eaa80000, 0x00000007eaa80000)
  object space 699392K, 10% used [0x00000007bff80000,0x00000007c48abda0,0x00000007eaa80000)
 PSPermGen       total 57344K, used 56890K [0x00000007aff80000, 0x00000007b3780000, 0x00000007bff80000)
  object space 57344K, 99% used [0x00000007aff80000,0x00000007b370ebc0,0x00000007b3780000)
Event: 8209.015 GC heap after
Heap after GC invocations=123 (full 0):
 PSYoungGen      total 348672K, used 999K [0x00000007eaa80000, 0x0000000800000000, 0x0000000800000000)
  eden space 347648K, 0% used [0x00000007eaa80000,0x00000007eaa80000,0x00000007ffe00000)
  from space 1024K, 97% used [0x00000007ffe00000,0x00000007ffef9c90,0x00000007fff00000)
  to   space 1024K, 0% used [0x00000007fff00000,0x00000007fff00000,0x0000000800000000)
 ParOldGen       total 699392K, used 77171K [0x00000007bff80000, 0x00000007eaa80000, 0x00000007eaa80000)
  object space 699392K, 11% used [0x00000007bff80000,0x00000007c4adceb8,0x00000007eaa80000)
 PSPermGen       total 57344K, used 56890K [0x00000007aff80000, 0x00000007b3780000, 0x00000007bff80000)
  object space 57344K, 99% used [0x00000007aff80000,0x00000007b370ebc0,0x00000007b3780000)
}
Event: 8212.536 GC heap before
{Heap before GC invocations=124 (full 0):
 PSYoungGen      total 348672K, used 348647K [0x00000007eaa80000, 0x0000000800000000, 0x0000000800000000)
  eden space 347648K, 100% used [0x00000007eaa80000,0x00000007ffe00000,0x00000007ffe00000)
  from space 1024K, 97% used [0x00000007ffe00000,0x00000007ffef9c90,0x00000007fff00000)
  to   space 1024K, 0% used [0x00000007fff00000,0x00000007fff00000,0x0000000800000000)
 ParOldGen       total 699392K, used 77171K [0x00000007bff80000, 0x00000007eaa80000, 0x00000007eaa80000)
  object space 699392K, 11% used [0x00000007bff80000,0x00000007c4adceb8,0x00000007eaa80000)
 PSPermGen       total 57344K, used 56890K [0x00000007aff80000, 0x00000007b3780000, 0x00000007bff80000)
  object space 57344K, 99% used [0x00000007aff80000,0x00000007b370ebe0,0x00000007b3780000)
Event: 8212.551 GC heap after
Heap after GC invocations=124 (full 0):
 PSYoungGen      total 341504K, used 1024K [0x00000007eaa80000, 0x0000000800000000, 0x0000000800000000)
  eden space 340480K, 0% used [0x00000007eaa80000,0x00000007eaa80000,0x00000007ff700000)
  from space 1024K, 100% used [0x00000007fff00000,0x0000000800000000,0x0000000800000000)
  to   space 4608K, 0% used [0x00000007ff700000,0x00000007ff700000,0x00000007ffb80000)
 ParOldGen       total 699392K, used 84035K [0x00000007bff80000, 0x00000007eaa80000, 0x00000007eaa80000)
  object space 699392K, 12% used [0x00000007bff80000,0x00000007c5190dc0,0x00000007eaa80000)
 PSPermGen       total 57344K, used 56890K [0x00000007aff80000, 0x00000007b3780000, 0x00000007bff80000)
  object space 57344K, 99% used [0x00000007aff80000,0x00000007b370ebe0,0x00000007b3780000)
}

Deoptimization events (10 events):
Event: 8208.951 Thread 0x00007fe220d68000 Uncommon trap: reason=bimorphic action=maybe_recompile pc=0x00000001086023fc method=scala.collection.immutable.HashMap$HashTrieMap.foreach(Lscala/Function1;)V @ 18
Event: 8208.951 Thread 0x00007fe220d68000 Uncommon trap: reason=bimorphic action=maybe_recompile pc=0x00000001083f7724 method=scala.collection.immutable.HashSet$HashTrieSet.foreach(Lscala/Function1;)V @ 18
Event: 8209.016 Thread 0x00007fe220d68000 Uncommon trap: reason=bimorphic action=maybe_recompile pc=0x00000001086023d8 method=scala.collection.immutable.HashMap$HashTrieMap.foreach(Lscala/Function1;)V @ 18
Event: 8209.016 Thread 0x00007fe220d68000 Uncommon trap: reason=class_check action=maybe_recompile pc=0x0000000108421c58 method=scala.collection.immutable.HashSet$.scala$collection$immutable$HashSet$$makeHashTrieSet(ILscala/collection/immutable/HashSet;ILscala/collection/immutable/HashSet;I)Lscal
Event: 8209.016 Thread 0x00007fe220d68000 Uncommon trap: reason=bimorphic action=maybe_recompile pc=0x00000001083f76f8 method=scala.collection.immutable.HashSet$HashTrieSet.foreach(Lscala/Function1;)V @ 18
Event: 8209.016 Thread 0x00007fe220d68000 Uncommon trap: reason=class_check action=maybe_recompile pc=0x0000000108421c58 method=scala.collection.immutable.HashSet$.scala$collection$immutable$HashSet$$makeHashTrieSet(ILscala/collection/immutable/HashSet;ILscala/collection/immutable/HashSet;I)Lscal
Event: 8209.062 Thread 0x00007fe220d68000 Uncommon trap: reason=bimorphic action=maybe_recompile pc=0x00000001086c1e1c method=scala.collection.immutable.HashMap$HashTrieMap.get0(Ljava/lang/Object;II)Lscala/Option; @ 37
Event: 8209.062 Thread 0x00007fe220d68000 Uncommon trap: reason=bimorphic action=maybe_recompile pc=0x00000001086c1e1c method=scala.collection.immutable.HashMap$HashTrieMap.get0(Ljava/lang/Object;II)Lscala/Option; @ 37
Event: 8209.063 Thread 0x00007fe220d68000 Uncommon trap: reason=bimorphic action=maybe_recompile pc=0x00000001086023fc method=scala.collection.immutable.HashMap$HashTrieMap.foreach(Lscala/Function1;)V @ 18
Event: 8209.063 Thread 0x00007fe220d68000 Uncommon trap: reason=bimorphic action=maybe_recompile pc=0x00000001083f7724 method=scala.collection.immutable.HashSet$HashTrieSet.foreach(Lscala/Function1;)V @ 18

Internal exceptions (10 events):
Event: 8208.168 Thread 0x00007fe220d68000 Threw 0x00000007f72982d8 at /HUDSON/workspace/7u-2-build-macosx-x86_64/jdk7u79/2331/hotspot/src/share/vm/prims/jvm.cpp:1304
Event: 8208.169 Thread 0x00007fe220d68000 Threw 0x00000007f729e308 at /HUDSON/workspace/7u-2-build-macosx-x86_64/jdk7u79/2331/hotspot/src/share/vm/prims/jvm.cpp:1304
Event: 8208.169 Thread 0x00007fe220d68000 Threw 0x00000007f729ec38 at /HUDSON/workspace/7u-2-build-macosx-x86_64/jdk7u79/2331/hotspot/src/share/vm/prims/jvm.cpp:1304
Event: 8208.169 Thread 0x00007fe220d68000 Threw 0x00000007f729fcf0 at /HUDSON/workspace/7u-2-build-macosx-x86_64/jdk7u79/2331/hotspot/src/share/vm/prims/jvm.cpp:1304
Event: 8208.176 Thread 0x00007fe220d68000 Threw 0x00000007f72ea780 at /HUDSON/workspace/7u-2-build-macosx-x86_64/jdk7u79/2331/hotspot/src/share/vm/prims/jvm.cpp:1304
Event: 8208.176 Thread 0x00007fe220d68000 Threw 0x00000007f72ead90 at /HUDSON/workspace/7u-2-build-macosx-x86_64/jdk7u79/2331/hotspot/src/share/vm/prims/jvm.cpp:1304
Event: 8208.176 Thread 0x00007fe220d68000 Threw 0x00000007f72eb968 at /HUDSON/workspace/7u-2-build-macosx-x86_64/jdk7u79/2331/hotspot/src/share/vm/prims/jvm.cpp:1304
Event: 8208.177 Thread 0x00007fe220d68000 Threw 0x00000007f72f0e60 at /HUDSON/workspace/7u-2-build-macosx-x86_64/jdk7u79/2331/hotspot/src/share/vm/prims/jvm.cpp:1304
Event: 8208.177 Thread 0x00007fe220d68000 Threw 0x00000007f72f1470 at /HUDSON/workspace/7u-2-build-macosx-x86_64/jdk7u79/2331/hotspot/src/share/vm/prims/jvm.cpp:1304
Event: 8208.177 Thread 0x00007fe220d68000 Threw 0x00000007f72f2048 at /HUDSON/workspace/7u-2-build-macosx-x86_64/jdk7u79/2331/hotspot/src/share/vm/prims/jvm.cpp:1304

Events (10 events):
Event: 8209.062 Thread 0x00007fe220d68000 DEOPT UNPACKING pc=0x00000001082e2045 sp=0x000070000157d968 mode 2
Event: 8209.063 Thread 0x00007fe220d68000 Uncommon trap: trap_request=0xffffffc6 fr.pc=0x00000001086023fc
Event: 8209.063 Thread 0x00007fe220d68000 DEOPT PACKING pc=0x00000001086023fc sp=0x000070000157dbc0
Event: 8209.063 Thread 0x00007fe220d68000 DEOPT UNPACKING pc=0x00000001082e2045 sp=0x000070000157db20 mode 2
Event: 8209.063 Thread 0x00007fe220d68000 Uncommon trap: trap_request=0xffffffc6 fr.pc=0x00000001083f7724
Event: 8209.063 Thread 0x00007fe220d68000 DEOPT PACKING pc=0x00000001083f7724 sp=0x000070000157db10
Event: 8209.063 Thread 0x00007fe220d68000 DEOPT UNPACKING pc=0x00000001082e2045 sp=0x000070000157da70 mode 2
Event: 8209.296 Thread 0x00007fe22102b800 flushing nmethod 0x00000001083b2d10
Event: 8212.536 Executing VM operation: ParallelGCFailedAllocation
Event: 8212.551 Executing VM operation: ParallelGCFailedAllocation done


Dynamic libraries:
0x0000000008328000 	/System/Library/Frameworks/Cocoa.framework/Versions/A/Cocoa
0x0000000008328000 	/System/Library/Frameworks/Security.framework/Versions/A/Security
0x0000000008328000 	/System/Library/Frameworks/ApplicationServices.framework/Versions/A/ApplicationServices
0x0000000008328000 	/usr/lib/libz.1.dylib
0x0000000008328000 	/usr/lib/libSystem.B.dylib
0x0000000008328000 	/usr/lib/libobjc.A.dylib
0x0000000008328000 	/System/Library/Frameworks/CoreFoundation.framework/Versions/A/CoreFoundation
0x0000000008328000 	/System/Library/Frameworks/Foundation.framework/Versions/C/Foundation
0x0000000008328000 	/System/Library/Frameworks/AppKit.framework/Versions/C/AppKit
0x0000000008328000 	/System/Library/Frameworks/CoreData.framework/Versions/A/CoreData
0x0000000008328000 	/System/Library/PrivateFrameworks/RemoteViewServices.framework/Versions/A/RemoteViewServices
0x0000000008328000 	/System/Library/PrivateFrameworks/UIFoundation.framework/Versions/A/UIFoundation
0x0000000008328000 	/usr/lib/libScreenReader.dylib
0x0000000008328000 	/System/Library/Frameworks/Accelerate.framework/Versions/A/Accelerate
0x0000000008328000 	/System/Library/Frameworks/IOSurface.framework/Versions/A/IOSurface
0x0000000008328000 	/System/Library/Frameworks/AudioToolbox.framework/Versions/A/AudioToolbox
0x0000000008328000 	/System/Library/Frameworks/AudioUnit.framework/Versions/A/AudioUnit
0x0000000008328000 	/System/Library/PrivateFrameworks/DataDetectorsCore.framework/Versions/A/DataDetectorsCore
0x0000000008328000 	/System/Library/PrivateFrameworks/DesktopServicesPriv.framework/Versions/A/DesktopServicesPriv
0x0000000008328000 	/System/Library/Frameworks/Carbon.framework/Versions/A/Frameworks/HIToolbox.framework/Versions/A/HIToolbox
0x0000000008328000 	/System/Library/Frameworks/QuartzCore.framework/Versions/A/QuartzCore
0x0000000008328000 	/System/Library/Frameworks/Carbon.framework/Versions/A/Frameworks/SpeechRecognition.framework/Versions/A/SpeechRecognition
0x0000000008328000 	/usr/lib/libauto.dylib
0x0000000008328000 	/usr/lib/libicucore.A.dylib
0x0000000008328000 	/usr/lib/libxml2.2.dylib
0x0000000008328000 	/System/Library/PrivateFrameworks/CoreUI.framework/Versions/A/CoreUI
0x0000000008328000 	/System/Library/Frameworks/CoreAudio.framework/Versions/A/CoreAudio
0x0000000008328000 	/System/Library/Frameworks/DiskArbitration.framework/Versions/A/DiskArbitration
0x0000000008328000 	/usr/lib/liblangid.dylib
0x0000000008328000 	/System/Library/PrivateFrameworks/MultitouchSupport.framework/Versions/A/MultitouchSupport
0x0000000008328000 	/System/Library/Frameworks/IOKit.framework/Versions/A/IOKit
0x0000000008328000 	/usr/lib/libDiagnosticMessagesClient.dylib
0x0000000008328000 	/System/Library/Frameworks/CoreServices.framework/Versions/A/CoreServices
0x0000000008328000 	/System/Library/PrivateFrameworks/PerformanceAnalysis.framework/Versions/A/PerformanceAnalysis
0x0000000008328000 	/System/Library/PrivateFrameworks/GenerationalStorage.framework/Versions/A/GenerationalStorage
0x0000000008328000 	/System/Library/Frameworks/OpenGL.framework/Versions/A/OpenGL
0x0000000008328000 	/System/Library/PrivateFrameworks/Sharing.framework/Versions/A/Sharing
0x0000000008328000 	/System/Library/Frameworks/CoreGraphics.framework/Versions/A/CoreGraphics
0x0000000008328000 	/System/Library/Frameworks/CoreImage.framework/Versions/A/CoreImage
0x0000000008328000 	/System/Library/Frameworks/CoreText.framework/Versions/A/CoreText
0x0000000008328000 	/System/Library/Frameworks/ImageIO.framework/Versions/A/ImageIO
0x0000000008328000 	/System/Library/PrivateFrameworks/Backup.framework/Versions/A/Backup
0x0000000008328000 	/usr/lib/libextension.dylib
0x0000000008328000 	/usr/lib/libarchive.2.dylib
0x0000000008328000 	/System/Library/Frameworks/CFNetwork.framework/Versions/A/CFNetwork
0x0000000008328000 	/System/Library/Frameworks/SystemConfiguration.framework/Versions/A/SystemConfiguration
0x0000000008328000 	/usr/lib/libCRFSuite.dylib
0x0000000008328000 	/usr/lib/libc++.1.dylib
0x0000000008328000 	/usr/lib/libc++abi.dylib
0x0000000008328000 	/usr/lib/system/libcache.dylib
0x0000000008328000 	/usr/lib/system/libcommonCrypto.dylib
0x0000000008328000 	/usr/lib/system/libcompiler_rt.dylib
0x0000000008328000 	/usr/lib/system/libcopyfile.dylib
0x0000000008328000 	/usr/lib/system/libcorecrypto.dylib
0x0000000008328000 	/usr/lib/system/libdispatch.dylib
0x0000000008328000 	/usr/lib/system/libdyld.dylib
0x0000000008328000 	/usr/lib/system/libkeymgr.dylib
0x0000000008328000 	/usr/lib/system/liblaunch.dylib
0x0000000008328000 	/usr/lib/system/libmacho.dylib
0x0000000008328000 	/usr/lib/system/libquarantine.dylib
0x0000000008328000 	/usr/lib/system/libremovefile.dylib
0x0000000008328000 	/usr/lib/system/libsystem_asl.dylib
0x0000000008328000 	/usr/lib/system/libsystem_blocks.dylib
0x0000000008328000 	/usr/lib/system/libsystem_c.dylib
0x0000000008328000 	/usr/lib/system/libsystem_configuration.dylib
0x0000000008328000 	/usr/lib/system/libsystem_coreservices.dylib
0x0000000008328000 	/usr/lib/system/libsystem_coretls.dylib
0x0000000008328000 	/usr/lib/system/libsystem_dnssd.dylib
0x0000000008328000 	/usr/lib/system/libsystem_info.dylib
0x0000000008328000 	/usr/lib/system/libsystem_kernel.dylib
0x0000000008328000 	/usr/lib/system/libsystem_m.dylib
0x0000000008328000 	/usr/lib/system/libsystem_malloc.dylib
0x0000000008328000 	/usr/lib/system/libsystem_network.dylib
0x0000000008328000 	/usr/lib/system/libsystem_networkextension.dylib
0x0000000008328000 	/usr/lib/system/libsystem_notify.dylib
0x0000000008328000 	/usr/lib/system/libsystem_platform.dylib
0x0000000008328000 	/usr/lib/system/libsystem_pthread.dylib
0x0000000008328000 	/usr/lib/system/libsystem_sandbox.dylib
0x0000000008328000 	/usr/lib/system/libsystem_secinit.dylib
0x0000000008328000 	/usr/lib/system/libsystem_trace.dylib
0x0000000008328000 	/usr/lib/system/libunc.dylib
0x0000000008328000 	/usr/lib/system/libunwind.dylib
0x0000000008328000 	/usr/lib/system/libxpc.dylib
0x0000000008328000 	/usr/lib/libenergytrace.dylib
0x0000000008328000 	/usr/lib/libbsm.0.dylib
0x0000000008328000 	/usr/lib/system/libkxld.dylib
0x0000000008328000 	/usr/lib/libxar.1.dylib
0x0000000008328000 	/usr/lib/libsqlite3.dylib
0x0000000008328000 	/usr/lib/libpam.2.dylib
0x0000000008328000 	/usr/lib/libOpenScriptingUtil.dylib
0x0000000008328000 	/usr/lib/libbz2.1.0.dylib
0x0000000008328000 	/usr/lib/liblzma.5.dylib
0x0000000008328000 	/System/Library/Frameworks/CoreServices.framework/Versions/A/Frameworks/FSEvents.framework/Versions/A/FSEvents
0x0000000008328000 	/System/Library/Frameworks/CoreServices.framework/Versions/A/Frameworks/CarbonCore.framework/Versions/A/CarbonCore
0x0000000008328000 	/System/Library/Frameworks/CoreServices.framework/Versions/A/Frameworks/Metadata.framework/Versions/A/Metadata
0x0000000008328000 	/System/Library/Frameworks/CoreServices.framework/Versions/A/Frameworks/OSServices.framework/Versions/A/OSServices
0x0000000008328000 	/System/Library/Frameworks/CoreServices.framework/Versions/A/Frameworks/SearchKit.framework/Versions/A/SearchKit
0x0000000008328000 	/System/Library/Frameworks/CoreServices.framework/Versions/A/Frameworks/AE.framework/Versions/A/AE
0x0000000008328000 	/System/Library/Frameworks/CoreServices.framework/Versions/A/Frameworks/LaunchServices.framework/Versions/A/LaunchServices
0x0000000008328000 	/System/Library/Frameworks/CoreServices.framework/Versions/A/Frameworks/DictionaryServices.framework/Versions/A/DictionaryServices
0x0000000008328000 	/System/Library/Frameworks/CoreServices.framework/Versions/A/Frameworks/SharedFileList.framework/Versions/A/SharedFileList
0x0000000008328000 	/System/Library/Frameworks/NetFS.framework/Versions/A/NetFS
0x0000000008328000 	/System/Library/PrivateFrameworks/NetAuth.framework/Versions/A/NetAuth
0x0000000008328000 	/System/Library/PrivateFrameworks/login.framework/Versions/A/Frameworks/loginsupport.framework/Versions/A/loginsupport
0x0000000008328000 	/System/Library/PrivateFrameworks/TCC.framework/Versions/A/TCC
0x0000000008328000 	/usr/lib/libmecabra.dylib
0x0000000008328000 	/System/Library/Frameworks/ApplicationServices.framework/Versions/A/Frameworks/ATS.framework/Versions/A/ATS
0x0000000008328000 	/System/Library/Frameworks/ApplicationServices.framework/Versions/A/Frameworks/ColorSync.framework/Versions/A/ColorSync
0x0000000008328000 	/System/Library/Frameworks/ApplicationServices.framework/Versions/A/Frameworks/HIServices.framework/Versions/A/HIServices
0x0000000008328000 	/System/Library/Frameworks/ApplicationServices.framework/Versions/A/Frameworks/LangAnalysis.framework/Versions/A/LangAnalysis
0x0000000008328000 	/System/Library/Frameworks/ApplicationServices.framework/Versions/A/Frameworks/PrintCore.framework/Versions/A/PrintCore
0x0000000008328000 	/System/Library/Frameworks/ApplicationServices.framework/Versions/A/Frameworks/QD.framework/Versions/A/QD
0x0000000008328000 	/System/Library/Frameworks/ApplicationServices.framework/Versions/A/Frameworks/SpeechSynthesis.framework/Versions/A/SpeechSynthesis
0x0000000008328000 	/System/Library/Frameworks/Metal.framework/Versions/A/Metal
0x0000000008328000 	/System/Library/Frameworks/Accelerate.framework/Versions/A/Frameworks/vImage.framework/Versions/A/vImage
0x0000000008328000 	/System/Library/Frameworks/Accelerate.framework/Versions/A/Frameworks/vecLib.framework/Versions/A/vecLib
0x0000000008328000 	/System/Library/Frameworks/Accelerate.framework/Versions/A/Frameworks/vecLib.framework/Versions/A/libvDSP.dylib
0x0000000008328000 	/System/Library/Frameworks/Accelerate.framework/Versions/A/Frameworks/vecLib.framework/Versions/A/libvMisc.dylib
0x0000000008328000 	/System/Library/Frameworks/Accelerate.framework/Versions/A/Frameworks/vecLib.framework/Versions/A/libLAPACK.dylib
0x0000000008328000 	/System/Library/Frameworks/Accelerate.framework/Versions/A/Frameworks/vecLib.framework/Versions/A/libBLAS.dylib
0x0000000008328000 	/System/Library/Frameworks/Accelerate.framework/Versions/A/Frameworks/vecLib.framework/Versions/A/libLinearAlgebra.dylib
0x0000000008328000 	/System/Library/Frameworks/Accelerate.framework/Versions/A/Frameworks/vecLib.framework/Versions/A/libSparseBLAS.dylib
0x0000000008328000 	/System/Library/PrivateFrameworks/GPUCompiler.framework/libmetal_timestamp.dylib
0x0000000008328000 	/System/Library/Frameworks/OpenGL.framework/Versions/A/Libraries/libCoreFSCache.dylib
0x0000000008328000 	/System/Library/PrivateFrameworks/IOAccelerator.framework/Versions/A/IOAccelerator
0x0000000008328000 	/System/Library/Frameworks/ApplicationServices.framework/Versions/A/Frameworks/ATS.framework/Versions/A/Resources/libFontParser.dylib
0x0000000008328000 	/System/Library/Frameworks/ApplicationServices.framework/Versions/A/Frameworks/ATS.framework/Versions/A/Resources/libFontRegistry.dylib
0x0000000008328000 	/System/Library/PrivateFrameworks/AppleVPA.framework/Versions/A/AppleVPA
0x0000000008328000 	/System/Library/PrivateFrameworks/AppleJPEG.framework/Versions/A/AppleJPEG
0x0000000008328000 	/System/Library/Frameworks/ImageIO.framework/Versions/A/Resources/libJPEG.dylib
0x0000000008328000 	/System/Library/Frameworks/ImageIO.framework/Versions/A/Resources/libTIFF.dylib
0x0000000008328000 	/System/Library/Frameworks/ImageIO.framework/Versions/A/Resources/libPng.dylib
0x0000000008328000 	/System/Library/Frameworks/ImageIO.framework/Versions/A/Resources/libGIF.dylib
0x0000000008328000 	/System/Library/Frameworks/ImageIO.framework/Versions/A/Resources/libJP2.dylib
0x0000000008328000 	/System/Library/Frameworks/ImageIO.framework/Versions/A/Resources/libRadiance.dylib
0x0000000008328000 	/System/Library/Frameworks/CoreVideo.framework/Versions/A/CoreVideo
0x0000000008328000 	/System/Library/Frameworks/OpenGL.framework/Versions/A/Libraries/libGLU.dylib
0x0000000008328000 	/System/Library/Frameworks/OpenGL.framework/Versions/A/Libraries/libGFXShared.dylib
0x0000000008328000 	/System/Library/Frameworks/OpenGL.framework/Versions/A/Libraries/libGL.dylib
0x0000000008328000 	/System/Library/Frameworks/OpenGL.framework/Versions/A/Libraries/libGLImage.dylib
0x0000000008328000 	/System/Library/Frameworks/OpenGL.framework/Versions/A/Libraries/libCVMSPluginSupport.dylib
0x0000000008328000 	/System/Library/Frameworks/OpenGL.framework/Versions/A/Libraries/libCoreVMClient.dylib
0x0000000008328000 	/usr/lib/libcups.2.dylib
0x0000000008328000 	/System/Library/Frameworks/Kerberos.framework/Versions/A/Kerberos
0x0000000008328000 	/System/Library/Frameworks/GSS.framework/Versions/A/GSS
0x0000000008328000 	/usr/lib/libresolv.9.dylib
0x0000000008328000 	/usr/lib/libiconv.2.dylib
0x0000000008328000 	/System/Library/PrivateFrameworks/Heimdal.framework/Versions/A/Heimdal
0x0000000008328000 	/usr/lib/libheimdal-asn1.dylib
0x0000000008328000 	/System/Library/Frameworks/OpenDirectory.framework/Versions/A/OpenDirectory
0x0000000008328000 	/System/Library/PrivateFrameworks/CommonAuth.framework/Versions/A/CommonAuth
0x0000000008328000 	/System/Library/Frameworks/OpenDirectory.framework/Versions/A/Frameworks/CFOpenDirectory.framework/Versions/A/CFOpenDirectory
0x0000000008328000 	/System/Library/Frameworks/SecurityFoundation.framework/Versions/A/SecurityFoundation
0x0000000008328000 	/System/Library/PrivateFrameworks/LanguageModeling.framework/Versions/A/LanguageModeling
0x0000000008328000 	/usr/lib/libmarisa.dylib
0x0000000008328000 	/usr/lib/libChineseTokenizer.dylib
0x0000000008328000 	/usr/lib/libcmph.dylib
0x0000000008328000 	/usr/lib/libcompression.dylib
0x0000000008328000 	/System/Library/Frameworks/ServiceManagement.framework/Versions/A/ServiceManagement
0x0000000008328000 	/usr/lib/libxslt.1.dylib
0x0000000008328000 	/System/Library/Frameworks/Carbon.framework/Versions/A/Frameworks/Ink.framework/Versions/A/Ink
0x0000000008328000 	/usr/lib/libFosl_dynamic.dylib
0x0000000008328000 	/System/Library/PrivateFrameworks/FaceCore.framework/Versions/A/FaceCore
0x0000000008328000 	/System/Library/Frameworks/OpenCL.framework/Versions/A/OpenCL
0x0000000008328000 	/System/Library/PrivateFrameworks/CrashReporterSupport.framework/Versions/A/CrashReporterSupport
0x0000000008328000 	/System/Library/PrivateFrameworks/IconServices.framework/Versions/A/IconServices
0x0000000008328000 	/System/Library/PrivateFrameworks/Apple80211.framework/Versions/A/Apple80211
0x0000000008328000 	/System/Library/Frameworks/CoreWLAN.framework/Versions/A/CoreWLAN
0x0000000008328000 	/System/Library/Frameworks/IOBluetooth.framework/Versions/A/IOBluetooth
0x0000000008328000 	/System/Library/PrivateFrameworks/CoreWiFi.framework/Versions/A/CoreWiFi
0x0000000008328000 	/System/Library/Frameworks/CoreBluetooth.framework/Versions/A/CoreBluetooth
0x0000000008328000 	/System/Library/PrivateFrameworks/ChunkingLibrary.framework/Versions/A/ChunkingLibrary
0x0000000008328000 	/System/Library/PrivateFrameworks/DebugSymbols.framework/Versions/A/DebugSymbols
0x0000000008328000 	/System/Library/PrivateFrameworks/CoreSymbolication.framework/Versions/A/CoreSymbolication
0x0000000008328000 	/System/Library/PrivateFrameworks/Symbolication.framework/Versions/A/Symbolication
0x0000000008328000 	/System/Library/PrivateFrameworks/SpeechRecognitionCore.framework/Versions/A/SpeechRecognitionCore
0x000000004c66c000 	/System/Library/CoreServices/Encodings/libJapaneseConverter.dylib
0x0000000107800000 	/Library/Java/JavaVirtualMachines/jdk1.7.0_79.jdk/Contents/Home/jre/lib/server/libjvm.dylib
0x0000000008328000 	/usr/lib/libstdc++.6.dylib
0x0000000108263000 	/Library/Java/JavaVirtualMachines/jdk1.7.0_79.jdk/Contents/Home/jre/lib/libverify.dylib
0x0000000108270000 	/Library/Java/JavaVirtualMachines/jdk1.7.0_79.jdk/Contents/Home/jre/lib/libjava.dylib
0x00000001082a0000 	/Library/Java/JavaVirtualMachines/jdk1.7.0_79.jdk/Contents/Home/jre/lib/libzip.dylib
0x0000000114631000 	/System/Library/Frameworks/JavaVM.framework/Frameworks/JavaRuntimeSupport.framework/JavaRuntimeSupport
0x000000011464c000 	/System/Library/Frameworks/JavaVM.framework/Versions/A/Frameworks/JavaNativeFoundation.framework/Versions/A/JavaNativeFoundation
0x0000000114661000 	/System/Library/Frameworks/JavaVM.framework/Versions/A/JavaVM
0x0000000008328000 	/System/Library/Frameworks/Carbon.framework/Versions/A/Carbon
0x000000011466e000 	/System/Library/PrivateFrameworks/JavaLaunching.framework/Versions/A/JavaLaunching
0x0000000008328000 	/System/Library/Frameworks/Carbon.framework/Versions/A/Frameworks/CommonPanels.framework/Versions/A/CommonPanels
0x0000000008328000 	/System/Library/Frameworks/Carbon.framework/Versions/A/Frameworks/Help.framework/Versions/A/Help
0x0000000008328000 	/System/Library/Frameworks/Carbon.framework/Versions/A/Frameworks/ImageCapture.framework/Versions/A/ImageCapture
0x0000000008328000 	/System/Library/Frameworks/Carbon.framework/Versions/A/Frameworks/OpenScripting.framework/Versions/A/OpenScripting
0x0000000008328000 	/System/Library/Frameworks/Carbon.framework/Versions/A/Frameworks/Print.framework/Versions/A/Print
0x0000000008328000 	/System/Library/Frameworks/Carbon.framework/Versions/A/Frameworks/SecurityHI.framework/Versions/A/SecurityHI
0x000000011604f000 	/Library/Java/JavaVirtualMachines/jdk1.7.0_79.jdk/Contents/Home/jre/lib/libnet.dylib
0x00000001160ad000 	/Library/Java/JavaVirtualMachines/jdk1.7.0_79.jdk/Contents/Home/jre/lib/libnio.dylib
0x0000000115fe6000 	/usr/local/bin/mecab-java/libMeCab.dylib
0x0000000116bbe000 	/usr/local/opt/mecab/lib/libmecab.2.dylib

VM Arguments:
jvm_args: -Xms1024m -Xmx1024m -XX:ReservedCodeCacheSize=128m -XX:MaxPermSize=256m 
java_command: /usr/local/Cellar/sbt/0.13.11/libexec/sbt-launch.jar console
Launcher Type: SUN_STANDARD

Environment Variables:
JAVA_HOME=/Library/Java/JavaVirtualMachines/jdk1.7.0_79.jdk/Contents/Home
JRE_HOME=/Library/Java/JavaVirtualMachines/jdk1.7.0_79.jdk/Contents/Home
CLASSPATH=:/Users/a14188/practice/scala/:.:/usr/local/bin/mecab-java/MeCab.jar
PATH=/Users/a14188/.phpbrew/php/php-5.2.17/bin:/Users/a14188/.phpbrew/bin:/Users/a14188/.rbenv/shims:/usr/local/heroku/bin:/Library/Java/JavaVirtualMachines/jdk1.7.0_79.jdk/Contents/Home/bin:/Users/a14188/ec2-api-tools/bin:/usr/bin:/bin:/usr/sbin:/sbin:/usr/local/bin:/opt/X11/bin:/Users/a14188/.rbenv/shims:/usr/local/heroku/bin:/Library/Java/JavaVirtualMachines/jdk1.7.0_79.jdk/Contents/Home/bin:/Users/a14188/android-sdk/sdk/platform-tools:/Users/a14188/android-sdk/sdk/tools:/usr/local/sbin:/Applications/UpTex.app/teTeX/bin:/Users/a14188/bin:/Users/a14188/ec2-api-tools/bin:/Users/a14188/Library/Python/2.7/bin:/usr/local/share/spark/bin:/Users/a14188/.ssh/ssh/:/usr/bin:/bin:/usr/sbin:/sbin:/Users/a14188/android-sdk/sdk/platform-tools:/Users/a14188/android-sdk/sdk/tools:/usr/local/bin:/usr/local/sbin:/Applications/UpTex.app/teTeX/bin:/Users/a14188/.go/bin:/Users/a14188/bin:/Users/a14188/ec2-api-tools/bin:/Users/a14188/Library/Python/2.7/bin:/usr/local/share/spark/bin:/Users/a14188/.ssh/ssh/
LD_LIBRARY_PATH=.:/usr/local/bin/mecab-java
SHELL=/usr/local/bin/zsh-5.2
DISPLAY=/private/tmp/com.apple.launchd.YAgak5QBpF/org.macosforge.xquartz:0
DYLD_LIBRARY_PATH=.:/usr/local/bin/mecab-java

Signal Handlers:
SIGSEGV: [libjvm.dylib+0x52daf1], sa_mask[0]=0xfffefeff, sa_flags=0x00000043
SIGBUS: [libjvm.dylib+0x52daf1], sa_mask[0]=0xfffefeff, sa_flags=0x00000042
SIGFPE: [libjvm.dylib+0x41f34e], sa_mask[0]=0xfffefeff, sa_flags=0x00000042
SIGPIPE: [libjvm.dylib+0x41f34e], sa_mask[0]=0xfffefeff, sa_flags=0x00000042
SIGXFSZ: [libjvm.dylib+0x41f34e], sa_mask[0]=0xfffefeff, sa_flags=0x00000042
SIGILL: [libjvm.dylib+0x41f34e], sa_mask[0]=0xfffefeff, sa_flags=0x00000042
SIGUSR1: SIG_DFL, sa_mask[0]=0x00000000, sa_flags=0x00000002
SIGUSR2: [libjvm.dylib+0x41ee40], sa_mask[0]=0x00000000, sa_flags=0x00000042
SIGHUP: [libjvm.dylib+0x41d0d1], sa_mask[0]=0xfffefeff, sa_flags=0x00000042
SIGINT: [libjvm.dylib+0x41d0d1], sa_mask[0]=0xfffefeff, sa_flags=0x00000042
SIGTERM: [libjvm.dylib+0x41d0d1], sa_mask[0]=0xfffefeff, sa_flags=0x00000042
SIGQUIT: [libjvm.dylib+0x41d0d1], sa_mask[0]=0xfffefeff, sa_flags=0x00000042


---------------  S Y S T E M  ---------------

OS:Bsduname:Darwin 15.4.0 Darwin Kernel Version 15.4.0: Fri Feb 26 22:08:05 PST 2016; root:xnu-3248.40.184~3/RELEASE_X86_64 x86_64
rlimit: STACK 8192k, CORE infinity, NPROC 709, NOFILE 10240, AS infinity
load average:3.61 4.09 4.09

CPU:total 4 (2 cores per cpu, 2 threads per core) family 6 model 58 stepping 9, cmov, cx8, fxsr, mmx, sse, sse2, sse3, ssse3, sse4.1, sse4.2, popcnt, avx, aes, erms, ht, tsc, tscinvbit, tscinv

Memory: 4k page, physical 8388608k(2097152k free)

/proc/meminfo:


vm_info: Java HotSpot(TM) 64-Bit Server VM (24.79-b02) for bsd-amd64 JRE (1.7.0_79-b15), built on Apr 10 2015 11:35:04 by "java_re" with gcc 4.2.1 (Based on Apple Inc. build 5658) (LLVM build 2336.11.00)

time: Tue Jun 28 19:52:19 2016
elapsed time: 8212 seconds

